This is pdfTeX, Version 3.141592653-2.6-1.40.22 (TeX Live 2022/dev/Debian) (preloaded format=pdflatex 2024.8.16)  30 AUG 2024 14:14
entering extended mode
 restricted \write18 enabled.
 %&-line parsing enabled.
**dissertacao.tex
(./dissertacao.tex
LaTeX2e <2021-11-15> patch level 1
L3 programming layer <2022-01-21> (./abntbibufjf.cls
Document Class: abntbibufjf 2020/11/28 v 2.1
(/usr/share/texlive/texmf-dist/tex/latex/memoir/memoir.cls
Document Class: memoir 2021/06/16 v3.7p configurable book, report, article docu
ment class
\onelineskip=\skip47
\lxvchars=\skip48
\xlvchars=\skip49
\@memcnta=\count185
\c@@memmarkcntra=\count186
(/usr/share/texlive/texmf-dist/tex/generic/iftex/iftex.sty
Package: iftex 2020/03/06 v1.0d TeX engine tests
)
\stockheight=\skip50
\stockwidth=\skip51
\trimtop=\skip52
\trimedge=\skip53

(/usr/share/texlive/texmf-dist/tex/latex/memoir/mem12.clo
File: mem12.clo 2010/10/19 v0.4b memoir class 12pt size option
)
\binding=\skip54
\spinemargin=\skip55
\foremargin=\skip56
\uppermargin=\skip57
\lowermargin=\skip58
\headdrop=\skip59
\normalrulethickness=\skip60
\mem@maxheadheight=\skip61
\mem@maxfootheight=\skip62
\headwidth=\skip63
\c@storedpagenumber=\count187
\memPD=\dimen138
\m@mabparskip=\skip64
\thanksmarkwidth=\skip65
\thanksmarksep=\skip66
\droptitle=\skip67
\c@book=\count188
\c@part=\count189
\c@chapter=\count190
\c@section=\count191
\c@subsection=\count192
\c@subsubsection=\count193
\c@paragraph=\count194
\c@subparagraph=\count195
\beforechapskip=\skip68
\midchapskip=\skip69
\afterchapskip=\skip70
\chapindent=\skip71
\bottomsectionskip=\skip72
\secindent=\skip73
\beforesecskip=\skip74
\aftersecskip=\skip75
\subsecindent=\skip76
\beforesubsecskip=\skip77
\aftersubsecskip=\skip78
\subsubsecindent=\skip79
\beforesubsubsecskip=\skip80
\aftersubsubsecskip=\skip81
\paraindent=\skip82
\beforeparaskip=\skip83
\afterparaskip=\skip84
\subparaindent=\skip85
\beforesubparaskip=\skip86
\aftersubparaskip=\skip87
\pfbreakskip=\skip88
\c@@ppsavesec=\count196
\c@@ppsaveapp=\count197
\ragrparindent=\dimen139
\everylistparindent=\dimen140
\parsepi=\skip89
\topsepi=\skip90
\itemsepi=\skip91
\parsepii=\skip92
\topsepii=\skip93
\topsepiii=\skip94
\itemsepii=\skip95
\itemsepiii=\skip96
\partopsepii=\skip97
\partopsepiii=\skip98
\m@msavetopsep=\skip99
\m@msavepartopsep=\skip100
\@enLab=\toks16
\abstitleskip=\skip101
\absleftindent=\skip102
\abs@leftindent=\dimen141
\absrightindent=\skip103
\absparindent=\skip104
\absparsep=\skip105
\c@vslineno=\count198
\c@poemline=\count199
\c@modulo@vs=\count266
\c@memfvsline=\count267
\vleftskip=\skip106
\vrightskip=\skip107
\stanzaskip=\skip108
\versewidth=\skip109
\vgap=\skip110
\vindent=\skip111
\vleftmargin=\dimen142
\c@verse=\count268
\c@chrsinstr=\count269
\beforepoemtitleskip=\skip112
\afterpoemtitleskip=\skip113
\c@poem=\count270
\beforePoemTitleskip=\skip114
\midPoemTitleskip=\skip115
\afterPoemTitleskip=\skip116

(/usr/share/texlive/texmf-dist/tex/latex/tools/array.sty
Package: array 2021/10/04 v2.5f Tabular extension package (FMi)
\col@sep=\dimen143
\ar@mcellbox=\box50
\extrarowheight=\dimen144
\NC@list=\toks17
\extratabsurround=\skip117
\backup@length=\skip118
\ar@cellbox=\box51
)
(/usr/share/texlive/texmf-dist/tex/latex/tools/dcolumn.sty
Package: dcolumn 2014/10/28 v1.06 decimal alignment package (DPC)
)
(/usr/share/texlive/texmf-dist/tex/latex/tools/delarray.sty
Package: delarray 2014/10/28 v1.01 array delimiter package (DPC)
)
(/usr/share/texlive/texmf-dist/tex/latex/tools/tabularx.sty
Package: tabularx 2020/01/15 v2.11c `tabularx' package (DPC)
\TX@col@width=\dimen145
\TX@old@table=\dimen146
\TX@old@col=\dimen147
\TX@target=\dimen148
\TX@delta=\dimen149
\TX@cols=\count271
\TX@ftn=\toks18
)
\heavyrulewidth=\dimen150
\lightrulewidth=\dimen151
\cmidrulewidth=\dimen152
\belowrulesep=\dimen153
\belowbottomsep=\dimen154
\aboverulesep=\dimen155
\abovetopsep=\dimen156
\cmidrulesep=\dimen157
\cmidrulekern=\dimen158
\defaultaddspace=\dimen159
\@cmidla=\count272
\@cmidlb=\count273
\@aboverulesep=\dimen160
\@belowrulesep=\dimen161
\@thisruleclass=\count274
\@lastruleclass=\count275
\@thisrulewidth=\dimen162
\ctableftskip=\skip119
\ctabrightskip=\skip120
\abovecolumnspenalty=\count276
\@linestogo=\count277
\@cellstogo=\count278
\@cellsincolumn=\count279
\crtok=\toks19
\@mincolumnwidth=\dimen163
\c@newflo@tctr=\count280
\mem@margin@floatbox=\box52
\@contcwidth=\skip121
\@contindw=\skip122
\abovecaptionskip=\skip123
\belowcaptionskip=\skip124
\subfloattopskip=\skip125
\subfloatcapskip=\skip126
\subfloatcaptopadj=\skip127
\subfloatbottomskip=\skip128
\subfloatlabelskip=\skip129
\subfloatcapmargin=\dimen164
\c@@contsubnum=\count281
\m@mscap@capbox=\box53
\m@mscap@fbox=\box54
\sidecapsep=\dimen165
\sidecapwidth=\dimen166
\m@m@tempdima=\dimen167
\m@mscapraise=\dimen168
\sidecapraise=\dimen169
\m@mscapmainwidth=\dimen170
\m@mscaplkern=\dimen171
\beforeepigraphskip=\skip130
\afterepigraphskip=\skip131
\epigraphwidth=\skip132
\epigraphrule=\skip133
LaTeX Info: Redefining \em on input line 7654.
LaTeX Info: Redefining \emph on input line 7662.
\tocentryskip=\skip134
\tocbaseline=\skip135
\cftparskip=\skip136
\cftbeforebookskip=\skip137
\cftbookindent=\dimen172
\cftbooknumwidth=\dimen173
\cftbeforepartskip=\skip138
\cftpartindent=\skip139
\cftpartnumwidth=\skip140
\cftbeforechapterskip=\skip141
\cftchapterindent=\skip142
\cftchapternumwidth=\skip143
\cftbeforesectionskip=\skip144
\cftsectionindent=\skip145
\cftsectionnumwidth=\skip146
\cftbeforesubsectionskip=\skip147
\cftsubsectionindent=\skip148
\cftsubsectionnumwidth=\skip149
\cftbeforesubsubsectionskip=\skip150
\cftsubsubsectionindent=\skip151
\cftsubsubsectionnumwidth=\skip152
\cftbeforeparagraphskip=\skip153
\cftparagraphindent=\skip154
\cftparagraphnumwidth=\skip155
\cftbeforesubparagraphskip=\skip156
\cftsubparagraphindent=\skip157
\cftsubparagraphnumwidth=\skip158
\prechapterprecisshift=\dimen174
\c@maxsecnumdepth=\count282
\bibindent=\dimen175
\bibitemsep=\skip159
\indexcolsep=\skip160
\indexrule=\skip161
\indexmarkstyle=\toks20
\@indexbox=\insert252
\glossarycolsep=\dimen176
\glossaryrule=\dimen177
\sideparvshift=\skip162
\sideins=\insert251
\sidebartopsep=\skip163
\sidebarhsep=\skip164
\sidebarvsep=\skip165
\sidebarwidth=\skip166
\footmarkwidth=\skip167
\footmarksep=\skip168
\footparindent=\skip169
\footinsdim=\skip170
\footinsv@r=\insert250
\@mpfootinsv@r=\insert249
\m@m@k=\count283
\m@m@h=\dimen178
\m@mipn@skip=\skip171
\sidefootins=\insert248
\sidefootadjust=\skip172
\sidefootheight=\skip173
\sidefoothsep=\skip174
\sidefootvsep=\skip175
\sidefootwidth=\skip176
\m@mdownsf=\skip177
\c@sidefootnote=\count284
\sidefootmarkwidth=\skip178
\sidefootmarksep=\skip179
\sidefootparindent=\skip180
\c@pagenote=\count285
\c@pagenoteshadow=\count286
\mem@pn@lastkern=\skip181
\every@verbatim=\toks21
\afterevery@verbatim=\toks22
\verbatim@line=\toks23
\tab@position=\count287
\verbatim@in@stream=\read2
\verbatimindent=\skip182
\verbatim@out=\write3
\bvboxsep=\skip183
\c@memfbvline=\count288
\c@bvlinectr=\count289
\bvnumlength=\skip184
\fb@frw=\dimen179
\fb@frh=\dimen180
\FrameRule=\dimen181
\FrameSep=\dimen182


LaTeX hooks Warning: Generic hook 'package/before/framed' is deprecated.
(hooks)              Use hook 'package/framed/before' instead.

\c@cp@cntr=\count290
\c@ism@mctr=\count291
\c@xsm@mctr=\count292
\c@csm@mctr=\count293
\c@ksm@mctr=\count294
\c@xksm@mctr=\count295
\c@cksm@mctr=\count296
\c@msm@mctr=\count297
\c@xmsm@mctr=\count298
\c@cmsm@mctr=\count299
\c@bsm@mctr=\count300
\c@workm@mctr=\count301
\c@sheetsequence=\count302
\c@lastsheet=\count303
\c@lastpage=\count304
(/usr/share/texlive/texmf-dist/tex/latex/textcase/textcase.sty
Package: textcase 2019/09/14 v1.00 Text only upper/lower case changing (DPC)
)
\c@figure=\count305
\c@lofdepth=\count306
\cftbeforefigureskip=\skip185
\cftfigureindent=\skip186
\cftfigurenumwidth=\skip187
\c@table=\count307
\c@lotdepth=\count308
\cftbeforetableskip=\skip188
\cfttableindent=\skip189
\cfttablenumwidth=\skip190
Package abstract [2008/07/23] emulated by memoir.
Package appendix [2008/07/23] emulated by memoir.
Package booktabs [2016/05/16] emulated by memoir.
Package ccaption [2008/07/23] emulated by memoir.
Package changepage [2008/07/23] emulated by memoir.
Package chngcntr [2008/07/23] emulated by memoir.
Package chngpage [2008/07/23] emulated by memoir.
Package crop emulated by memoir.
Package enumerate [2008/07/23] emulated by memoir.
Package epigraph [2008/07/23] emulated by memoir.
Package ifmtarg [2008/07/23] emulated by memoir.
Package index [2008/07/23] emulated by memoir.
Package makeidx [2008/07/23] emulated by memoir.
Package moreverb [2008/07/23] emulated by memoir.
Package needspace [2008/07/23] emulated by memoir.
Package newfile [2008/07/23] emulated by memoir.
Package nextpage [2008/07/23] emulated by memoir.
Package pagenote [2008/07/23] emulated by memoir.
Package parskip [2008/07/23] emulated by memoir.
Package patchcmd [2008/07/23] emulated by memoir.
Package setspace [2008/07/23] emulated by memoir.
Package shortvrb [2008/07/23] emulated by memoir.
Package showidx [2008/07/23] emulated by memoir.
Package titleref [2008/07/23] emulated by memoir.
Package titling [2008/07/23] emulated by memoir.
Package tocbibind [2008/07/23] emulated by memoir.
Package tocloft [2008/07/23] emulated by memoir.
Package tocvsec2 [2008/07/23] emulated by memoir.
Package verbatim [2008/07/23] emulated by memoir.
Package verse [2008/07/23] emulated by memoir.


LaTeX hooks Warning: Generic hook 'package/before/float' is deprecated.
(hooks)              Use hook 'package/float/before' instead.

) (/usr/share/texlive/texmf-dist/tex/latex/base/ifthen.sty
Package: ifthen 2020/11/24 v1.1c Standard LaTeX ifthen package (DPC)
)
(/usr/share/texlive/texmf-dist/tex/generic/babel/babel.sty
Package: babel 2022/01/26 3.70 The Babel package
\babel@savecnt=\count309
\U@D=\dimen183
\l@unhyphenated=\language87

(/usr/share/texlive/texmf-dist/tex/generic/babel/txtbabel.def)
\bbl@readstream=\read3
\bbl@dirlevel=\count310

(/usr/share/texlive/texmf-dist/tex/generic/babel-english/english.ldf
Language: english 2017/06/06 v3.3r English support from the babel system
Package babel Info: Hyphen rules for 'canadian' set to \l@english
(babel)             (\language0). Reported on input line 102.
Package babel Info: Hyphen rules for 'australian' set to \l@ukenglish
(babel)             (\language13). Reported on input line 105.
Package babel Info: Hyphen rules for 'newzealand' set to \l@ukenglish
(babel)             (\language13). Reported on input line 108.
)
(/usr/share/texlive/texmf-dist/tex/generic/babel-portuges/brazil.ldf
Language: portuges 2021/07/09 v1.2t Portuguese support from the babel system
Package babel Info: Hyphen rules for 'brazil' set to \l@portuguese
(babel)             (\language46). Reported on input line 111.
Package babel Info: Making " an active character on input line 143.
))
(/usr/share/texlive/texmf-dist/tex/latex/enumitem/enumitem.sty
Package: enumitem 2019/06/20 v3.9 Customized lists
\enitkv@toks@=\toks24
\labelindent=\skip191
\enit@outerparindent=\dimen184
\enit@toks=\toks25
\enit@inbox=\box55
\enit@count@id=\count311
\enitdp@description=\count312
)
(/usr/share/texlive/texmf-dist/tex/latex/tools/calc.sty
Package: calc 2017/05/25 v4.3 Infix arithmetic (KKT,FJ)
\calc@Acount=\count313
\calc@Bcount=\count314
\calc@Adimen=\dimen185
\calc@Bdimen=\dimen186
\calc@Askip=\skip192
\calc@Bskip=\skip193
LaTeX Info: Redefining \setlength on input line 80.
LaTeX Info: Redefining \addtolength on input line 81.
\calc@Ccount=\count315
\calc@Cskip=\skip194
)
(/usr/share/texlive/texmf-dist/tex/latex/hyperref/hyperref.sty
Package: hyperref 2021-06-07 v7.00m Hypertext links for LaTeX

(/usr/share/texlive/texmf-dist/tex/generic/ltxcmds/ltxcmds.sty
Package: ltxcmds 2020-05-10 v1.25 LaTeX kernel commands for general use (HO)
)
(/usr/share/texlive/texmf-dist/tex/generic/pdftexcmds/pdftexcmds.sty
Package: pdftexcmds 2020-06-27 v0.33 Utility functions of pdfTeX for LuaTeX (HO
)

(/usr/share/texlive/texmf-dist/tex/generic/infwarerr/infwarerr.sty
Package: infwarerr 2019/12/03 v1.5 Providing info/warning/error messages (HO)
)
Package pdftexcmds Info: \pdf@primitive is available.
Package pdftexcmds Info: \pdf@ifprimitive is available.
Package pdftexcmds Info: \pdfdraftmode found.
)
(/usr/share/texlive/texmf-dist/tex/latex/graphics/keyval.sty
Package: keyval 2014/10/28 v1.15 key=value parser (DPC)
\KV@toks@=\toks26
)
(/usr/share/texlive/texmf-dist/tex/generic/kvsetkeys/kvsetkeys.sty
Package: kvsetkeys 2019/12/15 v1.18 Key value parser (HO)
)
(/usr/share/texlive/texmf-dist/tex/generic/kvdefinekeys/kvdefinekeys.sty
Package: kvdefinekeys 2019-12-19 v1.6 Define keys (HO)
)
(/usr/share/texlive/texmf-dist/tex/generic/pdfescape/pdfescape.sty
Package: pdfescape 2019/12/09 v1.15 Implements pdfTeX's escape features (HO)
)
(/usr/share/texlive/texmf-dist/tex/latex/hycolor/hycolor.sty
Package: hycolor 2020-01-27 v1.10 Color options for hyperref/bookmark (HO)
)
(/usr/share/texlive/texmf-dist/tex/latex/letltxmacro/letltxmacro.sty
Package: letltxmacro 2019/12/03 v1.6 Let assignment for LaTeX macros (HO)
)
(/usr/share/texlive/texmf-dist/tex/latex/auxhook/auxhook.sty
Package: auxhook 2019-12-17 v1.6 Hooks for auxiliary files (HO)
)
(/usr/share/texlive/texmf-dist/tex/latex/kvoptions/kvoptions.sty
Package: kvoptions 2020-10-07 v3.14 Key value format for package options (HO)
)
\@linkdim=\dimen187
\Hy@linkcounter=\count316
\Hy@pagecounter=\count317

(/usr/share/texlive/texmf-dist/tex/latex/hyperref/pd1enc.def
File: pd1enc.def 2021-06-07 v7.00m Hyperref: PDFDocEncoding definition (HO)
Now handling font encoding PD1 ...
... no UTF-8 mapping file for font encoding PD1
)
(/usr/share/texlive/texmf-dist/tex/latex/hyperref/hyperref-langpatches.def
File: hyperref-langpatches.def 2021-06-07 v7.00m Hyperref: patches for babel la
nguages
)
(/usr/share/texlive/texmf-dist/tex/generic/intcalc/intcalc.sty
Package: intcalc 2019/12/15 v1.3 Expandable calculations with integers (HO)
)
(/usr/share/texlive/texmf-dist/tex/generic/etexcmds/etexcmds.sty
Package: etexcmds 2019/12/15 v1.7 Avoid name clashes with e-TeX commands (HO)
)
\Hy@SavedSpaceFactor=\count318

(/usr/share/texlive/texmf-dist/tex/latex/hyperref/puenc.def
File: puenc.def 2021-06-07 v7.00m Hyperref: PDF Unicode definition (HO)
Now handling font encoding PU ...
... no UTF-8 mapping file for font encoding PU
)
Package hyperref Info: Option `hypertexnames' set `false' on input line 4073.
Package hyperref Info: Hyper figures OFF on input line 4192.
Package hyperref Info: Link nesting OFF on input line 4197.
Package hyperref Info: Hyper index ON on input line 4200.
Package hyperref Info: Plain pages OFF on input line 4207.
Package hyperref Info: Backreferencing OFF on input line 4212.
Package hyperref Info: Implicit mode ON; LaTeX internals redefined.
Package hyperref Info: Bookmarks ON on input line 4445.
\c@Hy@tempcnt=\count319

(/usr/share/texlive/texmf-dist/tex/latex/url/url.sty
\Urlmuskip=\muskip16
Package: url 2013/09/16  ver 3.4  Verb mode for urls, etc.
)
LaTeX Info: Redefining \url on input line 4804.
\XeTeXLinkMargin=\dimen188

(/usr/share/texlive/texmf-dist/tex/generic/bitset/bitset.sty
Package: bitset 2019/12/09 v1.3 Handle bit-vector datatype (HO)

(/usr/share/texlive/texmf-dist/tex/generic/bigintcalc/bigintcalc.sty
Package: bigintcalc 2019/12/15 v1.5 Expandable calculations on big integers (HO
)
))
\Fld@menulength=\count320
\Field@Width=\dimen189
\Fld@charsize=\dimen190
Package hyperref Info: Hyper figures OFF on input line 6076.
Package hyperref Info: Link nesting OFF on input line 6081.
Package hyperref Info: Hyper index ON on input line 6084.
Package hyperref Info: backreferencing OFF on input line 6091.
Package hyperref Info: Link coloring OFF on input line 6096.
Package hyperref Info: Link coloring with OCG OFF on input line 6101.
Package hyperref Info: PDF/A mode OFF on input line 6106.
LaTeX Info: Redefining \ref on input line 6146.
LaTeX Info: Redefining \pageref on input line 6150.

(/usr/share/texlive/texmf-dist/tex/latex/base/atbegshi-ltx.sty
Package: atbegshi-ltx 2021/01/10 v1.0c Emulation of the original atbegshi
package with kernel methods
)
\Hy@abspage=\count321
\c@Item=\count322
\c@Hfootnote=\count323
)
(/usr/share/texlive/texmf-dist/tex/latex/memoir/memhfixc.sty
Package: memhfixc 2021/06/16 v1.19 nameref/hyperref package fixes for memoir cl
ass


LaTeX hooks Warning: Generic hook 'package/after/nameref' is deprecated.
(hooks)              Use hook 'package/nameref/after' instead.

\c@memhycontfloat=\count324
\c@Hpagenote=\count325

LaTeX hooks Warning: Generic hook 'package/after/hypcap' is deprecated.
(hooks)              Use hook 'package/hypcap/after' instead.

)
Package hyperref Info: Driver (autodetected): hpdftex.
 (/usr/share/texlive/texmf-dist/tex/latex/hyperref/hpdftex.def
File: hpdftex.def 2021-06-07 v7.00m Hyperref driver for pdfTeX

(/usr/share/texlive/texmf-dist/tex/latex/base/atveryend-ltx.sty
Package: atveryend-ltx 2020/08/19 v1.0a Emulation of the original atveryend pac
kage
with kernel methods
)
\Fld@listcount=\count326
\c@bookmark@seq@number=\count327

(/usr/share/texlive/texmf-dist/tex/latex/rerunfilecheck/rerunfilecheck.sty
Package: rerunfilecheck 2019/12/05 v1.9 Rerun checks for auxiliary files (HO)

(/usr/share/texlive/texmf-dist/tex/generic/uniquecounter/uniquecounter.sty
Package: uniquecounter 2019/12/15 v1.4 Provide unlimited unique counter (HO)
)
Package uniquecounter Info: New unique counter `rerunfilecheck' on input line 2
86.
)
\Hy@SectionHShift=\skip195
)
(/usr/share/texlive/texmf-dist/tex/latex/bookmark/bookmark.sty
Package: bookmark 2020-11-06 v1.29 PDF bookmarks (HO)

(/usr/share/texlive/texmf-dist/tex/latex/bookmark/bkm-pdftex.def
File: bkm-pdftex.def 2020-11-06 v1.29 bookmark driver for pdfTeX (HO)
\BKM@id=\count328
))

******************************************************
Stock height and width: 845.04684pt by 597.50787pt
Top and edge trims: 0pt and 0pt
Page height and width: 845.04684pt by 597.50787pt
Text height and width: 708pt by 455pt
Spine and edge margins: 85.35826pt and 56.9055pt
Upper and lower margins: 85.35826pt and 51.68858pt
Headheight and headsep: 14.5pt and 19.8738pt
Footskip: 30pt
Columnsep and columnseprule: 10pt and 0pt
Marginparsep and marginparwidth: 7pt and 42.9055pt
Sidecapsep and sidecapwidth: 7pt and 42pt
Sidebarhsep and sidebarwidth: 7pt and 42pt
Sidebarvsep and sidebartopsep: 14.5pt and 0pt
Sidebarheight: 590.14995pt
Sidefoothsep and sidefootwidth: 7pt and 42pt
Sidefootvsep and sidefootheight: 14.5pt and 590.14995pt
******************************************************

\c@bookmarkcounter=\count329

LaTeX hooks Warning: Generic hook 'package/after/caption' is deprecated.
(hooks)              Use hook 'package/caption/after' instead.

\cftlastnumwidth=\skip196
\c@alineasi=\count330
\enitdp@alineas=\count331
\c@subalineasi=\count332
\enitdp@subalineas=\count333
\signwidth=\skip197
\signthickness=\skip198
\signskip=\skip199
) (/usr/share/texlive/texmf-dist/tex/latex/base/fontenc.sty
Package: fontenc 2021/04/29 v2.0v Standard LaTeX package
)
(/usr/share/texlive/texmf-dist/tex/latex/base/inputenc.sty
Package: inputenc 2021/02/14 v1.3d Input encoding file
\inpenc@prehook=\toks27
\inpenc@posthook=\toks28
)
(/usr/share/texmf/tex/latex/lm/lmodern.sty
Package: lmodern 2009/10/30 v1.6 Latin Modern Fonts
LaTeX Font Info:    Overwriting symbol font `operators' in version `normal'
(Font)                  OT1/cmr/m/n --> OT1/lmr/m/n on input line 22.
LaTeX Font Info:    Overwriting symbol font `letters' in version `normal'
(Font)                  OML/cmm/m/it --> OML/lmm/m/it on input line 23.
LaTeX Font Info:    Overwriting symbol font `symbols' in version `normal'
(Font)                  OMS/cmsy/m/n --> OMS/lmsy/m/n on input line 24.
LaTeX Font Info:    Overwriting symbol font `largesymbols' in version `normal'
(Font)                  OMX/cmex/m/n --> OMX/lmex/m/n on input line 25.
LaTeX Font Info:    Overwriting symbol font `operators' in version `bold'
(Font)                  OT1/cmr/bx/n --> OT1/lmr/bx/n on input line 26.
LaTeX Font Info:    Overwriting symbol font `letters' in version `bold'
(Font)                  OML/cmm/b/it --> OML/lmm/b/it on input line 27.
LaTeX Font Info:    Overwriting symbol font `symbols' in version `bold'
(Font)                  OMS/cmsy/b/n --> OMS/lmsy/b/n on input line 28.
LaTeX Font Info:    Overwriting symbol font `largesymbols' in version `bold'
(Font)                  OMX/cmex/m/n --> OMX/lmex/m/n on input line 29.
LaTeX Font Info:    Overwriting math alphabet `\mathbf' in version `normal'
(Font)                  OT1/cmr/bx/n --> OT1/lmr/bx/n on input line 31.
LaTeX Font Info:    Overwriting math alphabet `\mathsf' in version `normal'
(Font)                  OT1/cmss/m/n --> OT1/lmss/m/n on input line 32.
LaTeX Font Info:    Overwriting math alphabet `\mathit' in version `normal'
(Font)                  OT1/cmr/m/it --> OT1/lmr/m/it on input line 33.
LaTeX Font Info:    Overwriting math alphabet `\mathtt' in version `normal'
(Font)                  OT1/cmtt/m/n --> OT1/lmtt/m/n on input line 34.
LaTeX Font Info:    Overwriting math alphabet `\mathbf' in version `bold'
(Font)                  OT1/cmr/bx/n --> OT1/lmr/bx/n on input line 35.
LaTeX Font Info:    Overwriting math alphabet `\mathsf' in version `bold'
(Font)                  OT1/cmss/bx/n --> OT1/lmss/bx/n on input line 36.
LaTeX Font Info:    Overwriting math alphabet `\mathit' in version `bold'
(Font)                  OT1/cmr/bx/it --> OT1/lmr/bx/it on input line 37.
LaTeX Font Info:    Overwriting math alphabet `\mathtt' in version `bold'
(Font)                  OT1/cmtt/m/n --> OT1/lmtt/m/n on input line 38.
)
(/usr/share/texlive/texmf-dist/tex/latex/amsmath/amsmath.sty
Package: amsmath 2021/10/15 v2.17l AMS math features
\@mathmargin=\skip256

For additional information on amsmath, use the `?' option.
(/usr/share/texlive/texmf-dist/tex/latex/amsmath/amstext.sty
Package: amstext 2021/08/26 v2.01 AMS text

(/usr/share/texlive/texmf-dist/tex/latex/amsmath/amsgen.sty
File: amsgen.sty 1999/11/30 v2.0 generic functions
\@emptytoks=\toks29
\ex@=\dimen191
))
(/usr/share/texlive/texmf-dist/tex/latex/amsmath/amsbsy.sty
Package: amsbsy 1999/11/29 v1.2d Bold Symbols
\pmbraise@=\dimen192
)
(/usr/share/texlive/texmf-dist/tex/latex/amsmath/amsopn.sty
Package: amsopn 2021/08/26 v2.02 operator names
)
\inf@bad=\count334
LaTeX Info: Redefining \frac on input line 234.
\uproot@=\count335
\leftroot@=\count336
LaTeX Info: Redefining \overline on input line 399.
\classnum@=\count337
\DOTSCASE@=\count338
LaTeX Info: Redefining \ldots on input line 496.
LaTeX Info: Redefining \dots on input line 499.
LaTeX Info: Redefining \cdots on input line 620.
\Mathstrutbox@=\box56
\strutbox@=\box57
\big@size=\dimen193
LaTeX Font Info:    Redeclaring font encoding OML on input line 743.
LaTeX Font Info:    Redeclaring font encoding OMS on input line 744.
\macc@depth=\count339
\c@MaxMatrixCols=\count340
\dotsspace@=\muskip17
\c@parentequation=\count341
\dspbrk@lvl=\count342
\tag@help=\toks30
\row@=\count343
\column@=\count344
\maxfields@=\count345
\andhelp@=\toks31
\eqnshift@=\dimen194
\alignsep@=\dimen195
\tagshift@=\dimen196
\tagwidth@=\dimen197
\totwidth@=\dimen198
\lineht@=\dimen199
\@envbody=\toks32
\multlinegap=\skip257
\multlinetaggap=\skip258
\mathdisplay@stack=\toks33
LaTeX Info: Redefining \[ on input line 2938.
LaTeX Info: Redefining \] on input line 2939.
)
(/usr/share/texlive/texmf-dist/tex/latex/lastpage/lastpage.sty
Package: lastpage 2021/09/03 v1.2n Refers to last page's name (HMM; JPG)
)
(/usr/share/texlive/texmf-dist/tex/latex/tools/indentfirst.sty
Package: indentfirst 1995/11/23 v1.03 Indent first paragraph (DPC)
)
(/usr/share/texlive/texmf-dist/tex/latex/graphics/color.sty
Package: color 2021/12/07 v1.3c Standard LaTeX Color (DPC)

(/usr/share/texlive/texmf-dist/tex/latex/graphics-cfg/color.cfg
File: color.cfg 2016/01/02 v1.6 sample color configuration
)
Package color Info: Driver file: pdftex.def on input line 149.

(/usr/share/texlive/texmf-dist/tex/latex/graphics-def/pdftex.def
File: pdftex.def 2020/10/05 v1.2a Graphics/color driver for pdftex
))
(/usr/share/texlive/texmf-dist/tex/latex/graphics/graphicx.sty
Package: graphicx 2021/09/16 v1.2d Enhanced LaTeX Graphics (DPC,SPQR)

(/usr/share/texlive/texmf-dist/tex/latex/graphics/graphics.sty
Package: graphics 2021/03/04 v1.4d Standard LaTeX Graphics (DPC,SPQR)

(/usr/share/texlive/texmf-dist/tex/latex/graphics/trig.sty
Package: trig 2021/08/11 v1.11 sin cos tan (DPC)
)
(/usr/share/texlive/texmf-dist/tex/latex/graphics-cfg/graphics.cfg
File: graphics.cfg 2016/06/04 v1.11 sample graphics configuration
)
Package graphics Info: Driver file: pdftex.def on input line 107.
)
\Gin@req@height=\dimen256
\Gin@req@width=\dimen257
)
(/usr/share/texlive/texmf-dist/tex/latex/microtype/microtype.sty
Package: microtype 2021/12/10 v3.0b Micro-typographical refinements (RS)

(/usr/share/texlive/texmf-dist/tex/latex/etoolbox/etoolbox.sty
Package: etoolbox 2020/10/05 v2.5k e-TeX tools for LaTeX (JAW)
\etb@tempcnta=\count346
)
\MT@toks=\toks34
\MT@count=\count347
\MT@tempbox=\box58
LaTeX Info: Redefining \leftprotrusion on input line 1010.
LaTeX Info: Redefining \rightprotrusion on input line 1018.
LaTeX Info: Redefining \textls on input line 1173.
\MT@outer@kern=\dimen258
LaTeX Info: Redefining \textmicrotypecontext on input line 1759.
\MT@listname@count=\count348

(/usr/share/texlive/texmf-dist/tex/latex/microtype/microtype-pdftex.def
File: microtype-pdftex.def 2021/12/10 v3.0b Definitions specific to pdftex (RS)

LaTeX Info: Redefining \lsstyle on input line 897.
LaTeX Info: Redefining \lslig on input line 897.
\MT@outer@space=\skip259
)
Package microtype Info: Loading configuration file microtype.cfg.

(/usr/share/texlive/texmf-dist/tex/latex/microtype/microtype.cfg
File: microtype.cfg 2021/12/10 v3.0b microtype main configuration file (RS)
))
(/usr/share/texlive/texmf-dist/tex/latex/xurl/xurl.sty
Package: xurl 2022/01/09 v 0.10 modify URL breaks
)
(/usr/share/texlive/texmf-dist/tex/latex/xcolor/xcolor.sty
Package: xcolor 2021/10/31 v2.13 LaTeX color extensions (UK)

(/usr/share/texlive/texmf-dist/tex/latex/graphics-cfg/color.cfg
File: color.cfg 2016/01/02 v1.6 sample color configuration
)
Package xcolor Info: Driver file: pdftex.def on input line 227.
LaTeX Info: Redefining \color on input line 711.
Package xcolor Info: Model `cmy' substituted by `cmy0' on input line 1352.
Package xcolor Info: Model `hsb' substituted by `rgb' on input line 1356.
Package xcolor Info: Model `RGB' extended on input line 1368.
Package xcolor Info: Model `HTML' substituted by `rgb' on input line 1370.
Package xcolor Info: Model `Hsb' substituted by `hsb' on input line 1371.
Package xcolor Info: Model `tHsb' substituted by `hsb' on input line 1372.
Package xcolor Info: Model `HSB' substituted by `hsb' on input line 1373.
Package xcolor Info: Model `Gray' substituted by `gray' on input line 1374.
Package xcolor Info: Model `wave' substituted by `hsb' on input line 1375.
)
(/usr/share/texlive/texmf-dist/tex/latex/fancyvrb/fancyvrb.sty
Package: fancyvrb 2021/12/21 4.1b verbatim text (tvz,hv)
\FV@CodeLineNo=\count349
\FV@InFile=\read4
\FV@TabBox=\box59
\c@FancyVerbLine=\count350
\FV@StepNumber=\count351
\FV@OutFile=\write4
)
(/usr/share/texlive/texmf-dist/tex/latex/makecell/makecell.sty
Package: makecell 2009/08/03 V0.1e Managing of Tab Column Heads and Cells
\rotheadsize=\dimen259
\c@nlinenum=\count352
\TeXr@lab=\toks35
)
(/usr/share/texlive/texmf-dist/tex/latex/todonotes/todonotes.sty
Package: todonotes 2021/06/04 v1.1.5 Todonotes source and documentation.
Package: todonotes 2021/06/04

(/usr/share/texlive/texmf-dist/tex/latex/xkeyval/xkeyval.sty
Package: xkeyval 2020/11/20 v2.8 package option processing (HA)

(/usr/share/texlive/texmf-dist/tex/generic/xkeyval/xkeyval.tex
(/usr/share/texlive/texmf-dist/tex/generic/xkeyval/xkvutils.tex
\XKV@toks=\toks36
\XKV@tempa@toks=\toks37
)
\XKV@depth=\count353
File: xkeyval.tex 2014/12/03 v2.7a key=value parser (HA)
))
(/usr/share/texlive/texmf-dist/tex/latex/pgf/frontendlayer/tikz.sty
(/usr/share/texlive/texmf-dist/tex/latex/pgf/basiclayer/pgf.sty
(/usr/share/texlive/texmf-dist/tex/latex/pgf/utilities/pgfrcs.sty
(/usr/share/texlive/texmf-dist/tex/generic/pgf/utilities/pgfutil-common.tex
\pgfutil@everybye=\toks38
\pgfutil@tempdima=\dimen260
\pgfutil@tempdimb=\dimen261

(/usr/share/texlive/texmf-dist/tex/generic/pgf/utilities/pgfutil-common-lists.t
ex)) (/usr/share/texlive/texmf-dist/tex/generic/pgf/utilities/pgfutil-latex.def
\pgfutil@abb=\box60
) (/usr/share/texlive/texmf-dist/tex/generic/pgf/utilities/pgfrcs.code.tex
(/usr/share/texlive/texmf-dist/tex/generic/pgf/pgf.revision.tex)
Package: pgfrcs 2021/05/15 v3.1.9a (3.1.9a)
))
Package: pgf 2021/05/15 v3.1.9a (3.1.9a)

(/usr/share/texlive/texmf-dist/tex/latex/pgf/basiclayer/pgfcore.sty
(/usr/share/texlive/texmf-dist/tex/latex/pgf/systemlayer/pgfsys.sty
(/usr/share/texlive/texmf-dist/tex/generic/pgf/systemlayer/pgfsys.code.tex
Package: pgfsys 2021/05/15 v3.1.9a (3.1.9a)

(/usr/share/texlive/texmf-dist/tex/generic/pgf/utilities/pgfkeys.code.tex
\pgfkeys@pathtoks=\toks39
\pgfkeys@temptoks=\toks40

(/usr/share/texlive/texmf-dist/tex/generic/pgf/utilities/pgfkeysfiltered.code.t
ex
\pgfkeys@tmptoks=\toks41
))
\pgf@x=\dimen262
\pgf@y=\dimen263
\pgf@xa=\dimen264
\pgf@ya=\dimen265
\pgf@xb=\dimen266
\pgf@yb=\dimen267
\pgf@xc=\dimen268
\pgf@yc=\dimen269
\pgf@xd=\dimen270
\pgf@yd=\dimen271
\w@pgf@writea=\write5
\r@pgf@reada=\read5
\c@pgf@counta=\count354
\c@pgf@countb=\count355
\c@pgf@countc=\count356
\c@pgf@countd=\count357
\t@pgf@toka=\toks42
\t@pgf@tokb=\toks43
\t@pgf@tokc=\toks44
\pgf@sys@id@count=\count358
 (/usr/share/texlive/texmf-dist/tex/generic/pgf/systemlayer/pgf.cfg
File: pgf.cfg 2021/05/15 v3.1.9a (3.1.9a)
)
Driver file for pgf: pgfsys-pdftex.def

(/usr/share/texlive/texmf-dist/tex/generic/pgf/systemlayer/pgfsys-pdftex.def
File: pgfsys-pdftex.def 2021/05/15 v3.1.9a (3.1.9a)

(/usr/share/texlive/texmf-dist/tex/generic/pgf/systemlayer/pgfsys-common-pdf.de
f
File: pgfsys-common-pdf.def 2021/05/15 v3.1.9a (3.1.9a)
)))
(/usr/share/texlive/texmf-dist/tex/generic/pgf/systemlayer/pgfsyssoftpath.code.
tex
File: pgfsyssoftpath.code.tex 2021/05/15 v3.1.9a (3.1.9a)
\pgfsyssoftpath@smallbuffer@items=\count359
\pgfsyssoftpath@bigbuffer@items=\count360
)
(/usr/share/texlive/texmf-dist/tex/generic/pgf/systemlayer/pgfsysprotocol.code.
tex
File: pgfsysprotocol.code.tex 2021/05/15 v3.1.9a (3.1.9a)
))
(/usr/share/texlive/texmf-dist/tex/generic/pgf/basiclayer/pgfcore.code.tex
Package: pgfcore 2021/05/15 v3.1.9a (3.1.9a)

(/usr/share/texlive/texmf-dist/tex/generic/pgf/math/pgfmath.code.tex
(/usr/share/texlive/texmf-dist/tex/generic/pgf/math/pgfmathcalc.code.tex
(/usr/share/texlive/texmf-dist/tex/generic/pgf/math/pgfmathutil.code.tex)
(/usr/share/texlive/texmf-dist/tex/generic/pgf/math/pgfmathparser.code.tex
\pgfmath@dimen=\dimen272
\pgfmath@count=\count361
\pgfmath@box=\box61
\pgfmath@toks=\toks45
\pgfmath@stack@operand=\toks46
\pgfmath@stack@operation=\toks47
)
(/usr/share/texlive/texmf-dist/tex/generic/pgf/math/pgfmathfunctions.code.tex
(/usr/share/texlive/texmf-dist/tex/generic/pgf/math/pgfmathfunctions.basic.code
.tex)
(/usr/share/texlive/texmf-dist/tex/generic/pgf/math/pgfmathfunctions.trigonomet
ric.code.tex)
(/usr/share/texlive/texmf-dist/tex/generic/pgf/math/pgfmathfunctions.random.cod
e.tex)
(/usr/share/texlive/texmf-dist/tex/generic/pgf/math/pgfmathfunctions.comparison
.code.tex)
(/usr/share/texlive/texmf-dist/tex/generic/pgf/math/pgfmathfunctions.base.code.
tex)
(/usr/share/texlive/texmf-dist/tex/generic/pgf/math/pgfmathfunctions.round.code
.tex)
(/usr/share/texlive/texmf-dist/tex/generic/pgf/math/pgfmathfunctions.misc.code.
tex)
(/usr/share/texlive/texmf-dist/tex/generic/pgf/math/pgfmathfunctions.integerari
thmetics.code.tex)))
(/usr/share/texlive/texmf-dist/tex/generic/pgf/math/pgfmathfloat.code.tex
\c@pgfmathroundto@lastzeros=\count362
))
(/usr/share/texlive/texmf-dist/tex/generic/pgf/math/pgfint.code.tex)
(/usr/share/texlive/texmf-dist/tex/generic/pgf/basiclayer/pgfcorepoints.code.te
x
File: pgfcorepoints.code.tex 2021/05/15 v3.1.9a (3.1.9a)
\pgf@picminx=\dimen273
\pgf@picmaxx=\dimen274
\pgf@picminy=\dimen275
\pgf@picmaxy=\dimen276
\pgf@pathminx=\dimen277
\pgf@pathmaxx=\dimen278
\pgf@pathminy=\dimen279
\pgf@pathmaxy=\dimen280
\pgf@xx=\dimen281
\pgf@xy=\dimen282
\pgf@yx=\dimen283
\pgf@yy=\dimen284
\pgf@zx=\dimen285
\pgf@zy=\dimen286
)
(/usr/share/texlive/texmf-dist/tex/generic/pgf/basiclayer/pgfcorepathconstruct.
code.tex
File: pgfcorepathconstruct.code.tex 2021/05/15 v3.1.9a (3.1.9a)
\pgf@path@lastx=\dimen287
\pgf@path@lasty=\dimen288
)
(/usr/share/texlive/texmf-dist/tex/generic/pgf/basiclayer/pgfcorepathusage.code
.tex
File: pgfcorepathusage.code.tex 2021/05/15 v3.1.9a (3.1.9a)
\pgf@shorten@end@additional=\dimen289
\pgf@shorten@start@additional=\dimen290
)
(/usr/share/texlive/texmf-dist/tex/generic/pgf/basiclayer/pgfcorescopes.code.te
x
File: pgfcorescopes.code.tex 2021/05/15 v3.1.9a (3.1.9a)
\pgfpic=\box62
\pgf@hbox=\box63
\pgf@layerbox@main=\box64
\pgf@picture@serial@count=\count363
)
(/usr/share/texlive/texmf-dist/tex/generic/pgf/basiclayer/pgfcoregraphicstate.c
ode.tex
File: pgfcoregraphicstate.code.tex 2021/05/15 v3.1.9a (3.1.9a)
\pgflinewidth=\dimen291
)
(/usr/share/texlive/texmf-dist/tex/generic/pgf/basiclayer/pgfcoretransformation
s.code.tex
File: pgfcoretransformations.code.tex 2021/05/15 v3.1.9a (3.1.9a)
\pgf@pt@x=\dimen292
\pgf@pt@y=\dimen293
\pgf@pt@temp=\dimen294
)
(/usr/share/texlive/texmf-dist/tex/generic/pgf/basiclayer/pgfcorequick.code.tex
File: pgfcorequick.code.tex 2021/05/15 v3.1.9a (3.1.9a)
)
(/usr/share/texlive/texmf-dist/tex/generic/pgf/basiclayer/pgfcoreobjects.code.t
ex
File: pgfcoreobjects.code.tex 2021/05/15 v3.1.9a (3.1.9a)
)
(/usr/share/texlive/texmf-dist/tex/generic/pgf/basiclayer/pgfcorepathprocessing
.code.tex
File: pgfcorepathprocessing.code.tex 2021/05/15 v3.1.9a (3.1.9a)
)
(/usr/share/texlive/texmf-dist/tex/generic/pgf/basiclayer/pgfcorearrows.code.te
x
File: pgfcorearrows.code.tex 2021/05/15 v3.1.9a (3.1.9a)
\pgfarrowsep=\dimen295
)
(/usr/share/texlive/texmf-dist/tex/generic/pgf/basiclayer/pgfcoreshade.code.tex
File: pgfcoreshade.code.tex 2021/05/15 v3.1.9a (3.1.9a)
\pgf@max=\dimen296
\pgf@sys@shading@range@num=\count364
\pgf@shadingcount=\count365
)
(/usr/share/texlive/texmf-dist/tex/generic/pgf/basiclayer/pgfcoreimage.code.tex
File: pgfcoreimage.code.tex 2021/05/15 v3.1.9a (3.1.9a)

(/usr/share/texlive/texmf-dist/tex/generic/pgf/basiclayer/pgfcoreexternal.code.
tex
File: pgfcoreexternal.code.tex 2021/05/15 v3.1.9a (3.1.9a)
\pgfexternal@startupbox=\box65
))
(/usr/share/texlive/texmf-dist/tex/generic/pgf/basiclayer/pgfcorelayers.code.te
x
File: pgfcorelayers.code.tex 2021/05/15 v3.1.9a (3.1.9a)
)
(/usr/share/texlive/texmf-dist/tex/generic/pgf/basiclayer/pgfcoretransparency.c
ode.tex
File: pgfcoretransparency.code.tex 2021/05/15 v3.1.9a (3.1.9a)
)
(/usr/share/texlive/texmf-dist/tex/generic/pgf/basiclayer/pgfcorepatterns.code.
tex
File: pgfcorepatterns.code.tex 2021/05/15 v3.1.9a (3.1.9a)
)
(/usr/share/texlive/texmf-dist/tex/generic/pgf/basiclayer/pgfcorerdf.code.tex
File: pgfcorerdf.code.tex 2021/05/15 v3.1.9a (3.1.9a)
)))
(/usr/share/texlive/texmf-dist/tex/generic/pgf/modules/pgfmoduleshapes.code.tex
File: pgfmoduleshapes.code.tex 2021/05/15 v3.1.9a (3.1.9a)
\pgfnodeparttextbox=\box66
) (/usr/share/texlive/texmf-dist/tex/generic/pgf/modules/pgfmoduleplot.code.tex
File: pgfmoduleplot.code.tex 2021/05/15 v3.1.9a (3.1.9a)
)
(/usr/share/texlive/texmf-dist/tex/latex/pgf/compatibility/pgfcomp-version-0-65
.sty
Package: pgfcomp-version-0-65 2021/05/15 v3.1.9a (3.1.9a)
\pgf@nodesepstart=\dimen297
\pgf@nodesepend=\dimen298
)
(/usr/share/texlive/texmf-dist/tex/latex/pgf/compatibility/pgfcomp-version-1-18
.sty
Package: pgfcomp-version-1-18 2021/05/15 v3.1.9a (3.1.9a)
)) (/usr/share/texlive/texmf-dist/tex/latex/pgf/utilities/pgffor.sty
(/usr/share/texlive/texmf-dist/tex/latex/pgf/utilities/pgfkeys.sty
(/usr/share/texlive/texmf-dist/tex/generic/pgf/utilities/pgfkeys.code.tex))
(/usr/share/texlive/texmf-dist/tex/latex/pgf/math/pgfmath.sty
(/usr/share/texlive/texmf-dist/tex/generic/pgf/math/pgfmath.code.tex))
(/usr/share/texlive/texmf-dist/tex/generic/pgf/utilities/pgffor.code.tex
Package: pgffor 2021/05/15 v3.1.9a (3.1.9a)

(/usr/share/texlive/texmf-dist/tex/generic/pgf/math/pgfmath.code.tex)
\pgffor@iter=\dimen299
\pgffor@skip=\dimen300
\pgffor@stack=\toks48
\pgffor@toks=\toks49
))
(/usr/share/texlive/texmf-dist/tex/generic/pgf/frontendlayer/tikz/tikz.code.tex
Package: tikz 2021/05/15 v3.1.9a (3.1.9a)

(/usr/share/texlive/texmf-dist/tex/generic/pgf/libraries/pgflibraryplothandlers
.code.tex
File: pgflibraryplothandlers.code.tex 2021/05/15 v3.1.9a (3.1.9a)
\pgf@plot@mark@count=\count366
\pgfplotmarksize=\dimen301
)
\tikz@lastx=\dimen302
\tikz@lasty=\dimen303
\tikz@lastxsaved=\dimen304
\tikz@lastysaved=\dimen305
\tikz@lastmovetox=\dimen306
\tikz@lastmovetoy=\dimen307
\tikzleveldistance=\dimen308
\tikzsiblingdistance=\dimen309
\tikz@figbox=\box67
\tikz@figbox@bg=\box68
\tikz@tempbox=\box69
\tikz@tempbox@bg=\box70
\tikztreelevel=\count367
\tikznumberofchildren=\count368
\tikznumberofcurrentchild=\count369
\tikz@fig@count=\count370

(/usr/share/texlive/texmf-dist/tex/generic/pgf/modules/pgfmodulematrix.code.tex
File: pgfmodulematrix.code.tex 2021/05/15 v3.1.9a (3.1.9a)
\pgfmatrixcurrentrow=\count371
\pgfmatrixcurrentcolumn=\count372
\pgf@matrix@numberofcolumns=\count373
)
\tikz@expandcount=\count374

(/usr/share/texlive/texmf-dist/tex/generic/pgf/frontendlayer/tikz/libraries/tik
zlibrarytopaths.code.tex
File: tikzlibrarytopaths.code.tex 2021/05/15 v3.1.9a (3.1.9a)
)))
(/usr/share/texlive/texmf-dist/tex/generic/pgf/frontendlayer/tikz/libraries/tik
zlibrarypositioning.code.tex
File: tikzlibrarypositioning.code.tex 2021/05/15 v3.1.9a (3.1.9a)
)
\c@@todonotes@numberoftodonotes=\count375
)
(/usr/share/texlive/texmf-dist/tex/latex/multirow/multirow.sty
Package: multirow 2021/03/15 v2.8 Span multiple rows of a table
\multirow@colwidth=\skip260
\multirow@cntb=\count376
\multirow@dima=\skip261
\bigstrutjot=\dimen310
)
(/usr/share/texlive/texmf-dist/tex/latex/natbib/natbib.sty
Package: natbib 2010/09/13 8.31b (PWD, AO)
\bibhang=\skip262
\bibsep=\skip263
LaTeX Info: Redefining \cite on input line 694.
\c@NAT@ctr=\count377
)
LaTeX Font Info:    Trying to load font information for T1+lmr on input line 74
.

(/usr/share/texmf/tex/latex/lm/t1lmr.fd
File: t1lmr.fd 2009/10/30 v1.6 Font defs for Latin Modern
)
(/usr/share/texlive/texmf-dist/tex/latex/l3backend/l3backend-pdftex.def
File: l3backend-pdftex.def 2022-01-12 L3 backend support: PDF output (pdfTeX)
\l__color_backend_stack_int=\count378
\l__pdf_internal_box=\box71
)
(./dissertacao.aux (./cap1_introducao.aux) (./cap2_revisao.aux)
(./cap3_procedimentos_metodologicos.aux) (./cap4_resultados.aux)
(./cap5_conclusao.aux))
\openout1 = `dissertacao.aux'.

LaTeX Font Info:    Checking defaults for OML/cmm/m/it on input line 74.
LaTeX Font Info:    ... okay on input line 74.
LaTeX Font Info:    Checking defaults for OMS/cmsy/m/n on input line 74.
LaTeX Font Info:    ... okay on input line 74.
LaTeX Font Info:    Checking defaults for OT1/cmr/m/n on input line 74.
LaTeX Font Info:    ... okay on input line 74.
LaTeX Font Info:    Checking defaults for T1/cmr/m/n on input line 74.
LaTeX Font Info:    ... okay on input line 74.
LaTeX Font Info:    Checking defaults for TS1/cmr/m/n on input line 74.
LaTeX Font Info:    ... okay on input line 74.
LaTeX Font Info:    Checking defaults for OMX/cmex/m/n on input line 74.
LaTeX Font Info:    ... okay on input line 74.
LaTeX Font Info:    Checking defaults for U/cmr/m/n on input line 74.
LaTeX Font Info:    ... okay on input line 74.
LaTeX Font Info:    Checking defaults for PD1/pdf/m/n on input line 74.
LaTeX Font Info:    ... okay on input line 74.
LaTeX Font Info:    Checking defaults for PU/pdf/m/n on input line 74.
LaTeX Font Info:    ... okay on input line 74.
Package hyperref Info: Link coloring OFF on input line 74.

(/usr/share/texlive/texmf-dist/tex/latex/hyperref/nameref.sty
Package: nameref 2021-04-02 v2.47 Cross-referencing by name of section

(/usr/share/texlive/texmf-dist/tex/latex/refcount/refcount.sty
Package: refcount 2019/12/15 v3.6 Data extraction from label references (HO)
)
(/usr/share/texlive/texmf-dist/tex/generic/gettitlestring/gettitlestring.sty
Package: gettitlestring 2019/12/15 v1.6 Cleanup title references (HO)
)
\c@section@level=\count379
)
Redoing nameref's sectioning
Redoing nameref's label
LaTeX Info: Redefining \nameref on input line 74.
LaTeX Info: Redefining \ref on input line 74.
LaTeX Info: Redefining \pageref on input line 74.
LaTeX Info: Redefining \nameref on input line 74.
Package lastpage Info: Please have a look at the pageslts package at
(lastpage)             https://www.ctan.org/pkg/pageslts
(lastpage)             ! on input line 74.
(/usr/share/texlive/texmf-dist/tex/context/base/mkii/supp-pdf.mkii
[Loading MPS to PDF converter (version 2006.09.02).]
\scratchcounter=\count380
\scratchdimen=\dimen311
\scratchbox=\box72
\nofMPsegments=\count381
\nofMParguments=\count382
\everyMPshowfont=\toks50
\MPscratchCnt=\count383
\MPscratchDim=\dimen312
\MPnumerator=\count384
\makeMPintoPDFobject=\count385
\everyMPtoPDFconversion=\toks51
) (/usr/share/texlive/texmf-dist/tex/latex/epstopdf-pkg/epstopdf-base.sty
Package: epstopdf-base 2020-01-24 v2.11 Base part for package epstopdf
Package epstopdf-base Info: Redefining graphics rule for `.eps' on input line 4
85.

(/usr/share/texlive/texmf-dist/tex/latex/latexconfig/epstopdf-sys.cfg
File: epstopdf-sys.cfg 2010/07/13 v1.3 Configuration of (r)epstopdf for TeX Liv
e
))
LaTeX Info: Redefining \microtypecontext on input line 74.
Package microtype Info: Applying patch `item' on input line 74.
Package microtype Info: Applying patch `toc' on input line 74.
Package microtype Info: Applying patch `eqnum' on input line 74.
Package microtype Info: Applying patch `footnote' on input line 74.
Package microtype Info: Generating PDF output.
Package microtype Info: Character protrusion enabled (level 2).
Package microtype Info: Using default protrusion set `alltext'.
Package microtype Info: Automatic font expansion enabled (level 2),
(microtype)             stretch: 20, shrink: 20, step: 1, non-selected.
Package microtype Info: Using default expansion set `alltext-nott'.
LaTeX Info: Redefining \showhyphens on input line 74.
Package microtype Info: No adjustment of tracking.
Package microtype Info: No adjustment of interword spacing.
Package microtype Info: No adjustment of character kerning.

(/usr/share/texlive/texmf-dist/tex/latex/microtype/mt-cmr.cfg
File: mt-cmr.cfg 2013/05/19 v2.2 microtype config. file: Computer Modern Roman 
(RS)
)

Package todonotes Warning: The length marginparwidth is less than 2cm and will 
most likely cause issues with the appearance of inserted todonotes. The issue c
an be solved by adding a line like \setlength {\marginparwidth }{2cm} prior to 
loading the todonotes package. on input line 74.

[1

{/var/lib/texmf/fonts/map/pdftex/updmap/pdftex.map}]
LaTeX Font Info:    Trying to load font information for OT1+lmr on input line 8
6.

(/usr/share/texmf/tex/latex/lm/ot1lmr.fd
File: ot1lmr.fd 2009/10/30 v1.6 Font defs for Latin Modern
)
LaTeX Font Info:    Trying to load font information for OML+lmm on input line 8
6.

(/usr/share/texmf/tex/latex/lm/omllmm.fd
File: omllmm.fd 2009/10/30 v1.6 Font defs for Latin Modern
)
LaTeX Font Info:    Trying to load font information for OMS+lmsy on input line 
86.

(/usr/share/texmf/tex/latex/lm/omslmsy.fd
File: omslmsy.fd 2009/10/30 v1.6 Font defs for Latin Modern
)
LaTeX Font Info:    Trying to load font information for OMX+lmex on input line 
86.

(/usr/share/texmf/tex/latex/lm/omxlmex.fd
File: omxlmex.fd 2009/10/30 v1.6 Font defs for Latin Modern
)
LaTeX Font Info:    External font `lmex10' loaded for size
(Font)              <12> on input line 86.
LaTeX Font Info:    External font `lmex10' loaded for size
(Font)              <8> on input line 86.
LaTeX Font Info:    External font `lmex10' loaded for size
(Font)              <6> on input line 86.
 [1



] [1] [2

] [3


] [4


] [5

] [6

] [7

]
(./dissertacao.lof
Overfull \hbox (1.45839pt too wide) detected at line 11
\T1/lmr/m/n/12 Figura 3.10 ^^U  
 []


Overfull \hbox (1.45839pt too wide) detected at line 12
\T1/lmr/m/n/12 Figura 3.11 ^^U  
 []


Overfull \hbox (1.45839pt too wide) detected at line 13
\T1/lmr/m/n/12 Figura 3.12 ^^U  
 []


Overfull \hbox (1.45839pt too wide) detected at line 14
\T1/lmr/m/n/12 Figura 3.13 ^^U  
 []


Overfull \hbox (1.45839pt too wide) detected at line 15
\T1/lmr/m/n/12 Figura 3.14 ^^U  
 []


Overfull \hbox (1.45839pt too wide) detected at line 16
\T1/lmr/m/n/12 Figura 3.15 ^^U  
 []


Overfull \hbox (1.45839pt too wide) detected at line 17
\T1/lmr/m/n/12 Figura 3.16 ^^U  
 []


Overfull \hbox (1.45839pt too wide) detected at line 18
\T1/lmr/m/n/12 Figura 3.17 ^^U  
 []


Overfull \hbox (1.45839pt too wide) detected at line 19
\T1/lmr/m/n/12 Figura 3.18 ^^U  
 []


Overfull \hbox (1.45839pt too wide) detected at line 20
\T1/lmr/m/n/12 Figura 3.19 ^^U  
 []

[8

]
Overfull \hbox (1.45839pt too wide) detected at line 21
\T1/lmr/m/n/12 Figura 3.20 ^^U  
 []


Overfull \hbox (1.45839pt too wide) detected at line 22
\T1/lmr/m/n/12 Figura 3.21 ^^U  
 []


Overfull \hbox (1.45839pt too wide) detected at line 23
\T1/lmr/m/n/12 Figura 3.22 ^^U  
 []


Overfull \hbox (1.45839pt too wide) detected at line 24
\T1/lmr/m/n/12 Figura 3.23 ^^U  
 []


Overfull \hbox (1.45839pt too wide) detected at line 25
\T1/lmr/m/n/12 Figura 3.24 ^^U  
 []


Overfull \hbox (1.45839pt too wide) detected at line 26
\T1/lmr/m/n/12 Figura 3.25 ^^U  
 []


Overfull \hbox (1.45839pt too wide) detected at line 27
\T1/lmr/m/n/12 Figura 3.26 ^^U  
 []


Overfull \hbox (1.45839pt too wide) detected at line 28
\T1/lmr/m/n/12 Figura 3.27 ^^U  
 []


Overfull \hbox (1.45839pt too wide) detected at line 29
\T1/lmr/m/n/12 Figura 3.28 ^^U  
 []


Overfull \hbox (1.45839pt too wide) detected at line 30
\T1/lmr/m/n/12 Figura 3.29 ^^U  
 []


Overfull \hbox (1.45839pt too wide) detected at line 31
\T1/lmr/m/n/12 Figura 3.30 ^^U  
 []


Overfull \hbox (1.45839pt too wide) detected at line 32
\T1/lmr/m/n/12 Figura 3.31 ^^U  
 []


Overfull \hbox (1.45839pt too wide) detected at line 33
\T1/lmr/m/n/12 Figura 3.32 ^^U  
 []


Overfull \hbox (1.45839pt too wide) detected at line 34
\T1/lmr/m/n/12 Figura 3.33 ^^U  
 []


Overfull \hbox (1.45839pt too wide) detected at line 35
\T1/lmr/m/n/12 Figura 3.34 ^^U  
 []


Overfull \hbox (1.45839pt too wide) detected at line 36
\T1/lmr/m/n/12 Figura 3.35 ^^U  
 []


Overfull \hbox (1.45839pt too wide) detected at line 37
\T1/lmr/m/n/12 Figura 3.36 ^^U  
 []


Overfull \hbox (1.45839pt too wide) detected at line 38
\T1/lmr/m/n/12 Figura 3.37 ^^U  
 []


Overfull \hbox (1.45839pt too wide) detected at line 39
\T1/lmr/m/n/12 Figura 3.38 ^^U  
 []

[9]
Overfull \hbox (1.45839pt too wide) detected at line 40
\T1/lmr/m/n/12 Figura 3.39 ^^U  
 []


Overfull \hbox (1.45839pt too wide) detected at line 41
\T1/lmr/m/n/12 Figura 3.40 ^^U  
 []


Overfull \hbox (1.45839pt too wide) detected at line 42
\T1/lmr/m/n/12 Figura 3.41 ^^U  
 []


Overfull \hbox (1.45839pt too wide) detected at line 43
\T1/lmr/m/n/12 Figura 3.42 ^^U  
 []


Overfull \hbox (1.45839pt too wide) detected at line 44
\T1/lmr/m/n/12 Figura 3.43 ^^U  
 []


Overfull \hbox (1.45839pt too wide) detected at line 45
\T1/lmr/m/n/12 Figura 3.44 ^^U  
 []


Overfull \hbox (1.45839pt too wide) detected at line 46
\T1/lmr/m/n/12 Figura 3.45 ^^U  
 []


Overfull \hbox (1.45839pt too wide) detected at line 47
\T1/lmr/m/n/12 Figura 3.46 ^^U  
 []


Overfull \hbox (1.45839pt too wide) detected at line 48
\T1/lmr/m/n/12 Figura 3.47 ^^U  
 []


Overfull \hbox (1.45839pt too wide) detected at line 49
\T1/lmr/m/n/12 Figura 3.48 ^^U  
 []

[10]
Overfull \hbox (1.45839pt too wide) detected at line 59
\T1/lmr/m/n/12 Figura 4.10 ^^U  
 []


Overfull \hbox (1.45839pt too wide) detected at line 60
\T1/lmr/m/n/12 Figura 4.11 ^^U  
 []


Overfull \hbox (1.45839pt too wide) detected at line 61
\T1/lmr/m/n/12 Figura 4.12 ^^U  
 []


Overfull \hbox (1.45839pt too wide) detected at line 62
\T1/lmr/m/n/12 Figura 4.13 ^^U  
 []


Overfull \hbox (1.45839pt too wide) detected at line 63
\T1/lmr/m/n/12 Figura 4.14 ^^U  
 []


Overfull \hbox (1.45839pt too wide) detected at line 64
\T1/lmr/m/n/12 Figura 4.15 ^^U  
 []


Overfull \hbox (1.45839pt too wide) detected at line 65
\T1/lmr/m/n/12 Figura 4.16 ^^U  
 []

) [11] (./dissertacao.lot) [12

] [13


] [14


] (./dissertacao.toc [15

]) [16]
\openout2 = `cap1_introducao.aux'.


(./cap1_introducao.tex
Package hyperref Info: bookmark level for unknown todo defaults to 0 on input l
ine 25.

Overfull \hbox (18.99236pt too wide) in paragraph at lines 27--27
[][][]\T1/lmr/m/n/12 (-20) referencia?[]  
 []


Overfull \hbox (18.99236pt too wide) in paragraph at lines 27--27
[][][]\T1/lmr/m/n/12 (-20) referencia?[]  
 []


LaTeX Warning: Marginpar on page 17 moved by 91.30128pt.


LaTeX Warning: Marginpar on page 17 moved by 25.36215pt.

[17



]) [18]
\openout2 = `cap2_revisao.aux'.

 (./cap2_revisao.tex) [19




]
\openout2 = `cap3_procedimentos_metodologicos.aux'.

 (./cap3_procedimentos_metodologicos.tex
[20




]
LaTeX Font Info:    Trying to load font information for TS1+lmr on input line 3
6.
 (/usr/share/texmf/tex/latex/lm/ts1lmr.fd
File: ts1lmr.fd 2009/10/30 v1.6 Font defs for Latin Modern
) [21] [22]
LaTeX Font Info:    External font `lmex10' loaded for size
(Font)              <10.95> on input line 55.


LaTeX Warning: `!h' float specifier changed to `!ht'.


LaTeX Warning: `!h' float specifier changed to `!ht'.

[23] [24] [25

]
* abntbibufjf: Il 
<Figuras/jequiti/jequitinhonhaSerieIncompleta_t_vz_54790000.png, id=512, 1154.3
125pt x 552.0625pt>
File: Figuras/jequiti/jequitinhonhaSerieIncompleta_t_vz_54790000.png Graphic fi
le (type png)
<use Figuras/jequiti/jequitinhonhaSerieIncompleta_t_vz_54790000.png>
Package pdftex.def Info: Figuras/jequiti/jequitinhonhaSerieIncompleta_t_vz_5479
0000.png  used on input line 148.
(pdftex.def)             Requested size: 288.57742pt x 138.01527pt.

LaTeX Warning: `!h' float specifier changed to `!ht'.

[26]
<Figuras/jequiti/jequitinhonhaSerieIncompleta_t_vz_54790000-2013_2016.png, id=5
20, 1154.3125pt x 552.0625pt>
File: Figuras/jequiti/jequitinhonhaSerieIncompleta_t_vz_54790000-2013_2016.png 
Graphic file (type png)
<use Figuras/jequiti/jequitinhonhaSerieIncompleta_t_vz_54790000-2013_2016.png>
Package pdftex.def Info: Figuras/jequiti/jequitinhonhaSerieIncompleta_t_vz_5479
0000-2013_2016.png  used on input line 157.
(pdftex.def)             Requested size: 288.57742pt x 138.01527pt.
<Figuras/jequiti/jequitinhonhaSerieCompleta_t_vz_54790000-2013_2016.png, id=521
, 1154.3125pt x 552.0625pt>
File: Figuras/jequiti/jequitinhonhaSerieCompleta_t_vz_54790000-2013_2016.png Gr
aphic file (type png)
<use Figuras/jequiti/jequitinhonhaSerieCompleta_t_vz_54790000-2013_2016.png>
Package pdftex.def Info: Figuras/jequiti/jequitinhonhaSerieCompleta_t_vz_547900
00-2013_2016.png  used on input line 164.
(pdftex.def)             Requested size: 288.57742pt x 138.01527pt.
 [27 <./Figuras/jequiti/jequitinhonhaSerieIncompleta_t_vz_54790000.png> <./Figu
ras/jequiti/jequitinhonhaSerieIncompleta_t_vz_54790000-2013_2016.png> <./Figura
s/jequiti/jequitinhonhaSerieCompleta_t_vz_54790000-2013_2016.png>]
<Figuras/jequiti/jequitinhonhaSerieIncompleta_t_vz_54790000-2021_2022.png, id=5
31, 1154.3125pt x 552.0625pt>
File: Figuras/jequiti/jequitinhonhaSerieIncompleta_t_vz_54790000-2021_2022.png 
Graphic file (type png)
<use Figuras/jequiti/jequitinhonhaSerieIncompleta_t_vz_54790000-2021_2022.png>
Package pdftex.def Info: Figuras/jequiti/jequitinhonhaSerieIncompleta_t_vz_5479
0000-2021_2022.png  used on input line 173.
(pdftex.def)             Requested size: 288.57742pt x 138.01527pt.
<Figuras/jequiti/jequitinhonhaSerieCompleta_t_vz_54790000-2021_2022.png, id=532
, 1154.3125pt x 552.0625pt>
File: Figuras/jequiti/jequitinhonhaSerieCompleta_t_vz_54790000-2021_2022.png Gr
aphic file (type png)
<use Figuras/jequiti/jequitinhonhaSerieCompleta_t_vz_54790000-2021_2022.png>
Package pdftex.def Info: Figuras/jequiti/jequitinhonhaSerieCompleta_t_vz_547900
00-2021_2022.png  used on input line 180.
(pdftex.def)             Requested size: 288.57742pt x 138.01527pt.
<Figuras/jequiti/jequitinhonhaSerieCompleta_t_vz_54790000.png, id=534, 1154.312
5pt x 552.0625pt>
File: Figuras/jequiti/jequitinhonhaSerieCompleta_t_vz_54790000.png Graphic file
 (type png)
<use Figuras/jequiti/jequitinhonhaSerieCompleta_t_vz_54790000.png>
Package pdftex.def Info: Figuras/jequiti/jequitinhonhaSerieCompleta_t_vz_547900
00.png  used on input line 189.
(pdftex.def)             Requested size: 288.57742pt x 138.01527pt.
 [28 <./Figuras/jequiti/jequitinhonhaSerieIncompleta_t_vz_54790000-2021_2022.pn
g> <./Figuras/jequiti/jequitinhonhaSerieCompleta_t_vz_54790000-2021_2022.png> <
./Figuras/jequiti/jequitinhonhaSerieCompleta_t_vz_54790000.png>]
<Figuras/jequiti/jequitinhonhaSerieIncompleta_t_cv_54790000.png, id=544, 1154.3
125pt x 552.0625pt>
File: Figuras/jequiti/jequitinhonhaSerieIncompleta_t_cv_54790000.png Graphic fi
le (type png)
<use Figuras/jequiti/jequitinhonhaSerieIncompleta_t_cv_54790000.png>
Package pdftex.def Info: Figuras/jequiti/jequitinhonhaSerieIncompleta_t_cv_5479
0000.png  used on input line 198.
(pdftex.def)             Requested size: 288.57742pt x 138.01527pt.
<Figuras/jequiti/jequitinhonhaSerieCompleta_t_cv_54790000.png, id=547, 1154.312
5pt x 552.0625pt>
File: Figuras/jequiti/jequitinhonhaSerieCompleta_t_cv_54790000.png Graphic file
 (type png)
<use Figuras/jequiti/jequitinhonhaSerieCompleta_t_cv_54790000.png>
Package pdftex.def Info: Figuras/jequiti/jequitinhonhaSerieCompleta_t_cv_547900
00.png  used on input line 207.
(pdftex.def)             Requested size: 288.57742pt x 138.01527pt.
<Figuras/jequiti/jequitinhonhaSerieCompleta_t_cv_01640000.png, id=548, 1154.312
5pt x 552.0625pt>
File: Figuras/jequiti/jequitinhonhaSerieCompleta_t_cv_01640000.png Graphic file
 (type png)
<use Figuras/jequiti/jequitinhonhaSerieCompleta_t_cv_01640000.png>
Package pdftex.def Info: Figuras/jequiti/jequitinhonhaSerieCompleta_t_cv_016400
00.png  used on input line 214.
(pdftex.def)             Requested size: 288.57742pt x 138.01527pt.
 [29 <./Figuras/jequiti/jequitinhonhaSerieIncompleta_t_cv_54790000.png> <./Figu
ras/jequiti/jequitinhonhaSerieCompleta_t_cv_54790000.png> <./Figuras/jequiti/je
quitinhonhaSerieCompleta_t_cv_01640000.png>]
<Figuras/rio_doce/doceSerieCompleta_c_vz_56994500.png, id=558, 1154.3125pt x 55
2.0625pt>
File: Figuras/rio_doce/doceSerieCompleta_c_vz_56994500.png Graphic file (type p
ng)
<use Figuras/rio_doce/doceSerieCompleta_c_vz_56994500.png>
Package pdftex.def Info: Figuras/rio_doce/doceSerieCompleta_c_vz_56994500.png  
used on input line 225.
(pdftex.def)             Requested size: 288.57742pt x 138.01527pt.
<Figuras/rio_doce/doceSerieIncompleta_t_cv_56990850.png, id=561, 1154.3125pt x 
552.0625pt>
File: Figuras/rio_doce/doceSerieIncompleta_t_cv_56990850.png Graphic file (type
 png)
<use Figuras/rio_doce/doceSerieIncompleta_t_cv_56990850.png>
Package pdftex.def Info: Figuras/rio_doce/doceSerieIncompleta_t_cv_56990850.png
  used on input line 236.
(pdftex.def)             Requested size: 288.57742pt x 138.01527pt.


LaTeX Warning: `!h' float specifier changed to `!ht'.

<Figuras/rio_doce/doceSerieCompleta_t_cv_56994500.png, id=562, 1154.3125pt x 55
2.0625pt>
File: Figuras/rio_doce/doceSerieCompleta_t_cv_56994500.png Graphic file (type p
ng)
<use Figuras/rio_doce/doceSerieCompleta_t_cv_56994500.png>
Package pdftex.def Info: Figuras/rio_doce/doceSerieCompleta_t_cv_56994500.png  
used on input line 243.
(pdftex.def)             Requested size: 288.57742pt x 138.01527pt.

LaTeX Warning: `!h' float specifier changed to `!ht'.

<Figuras/rio_doce/doceSerieCompleta_c_cv_01941010.png, id=567, 1154.3125pt x 55
2.0625pt>
File: Figuras/rio_doce/doceSerieCompleta_c_cv_01941010.png Graphic file (type p
ng)
<use Figuras/rio_doce/doceSerieCompleta_c_cv_01941010.png>
Package pdftex.def Info: Figuras/rio_doce/doceSerieCompleta_c_cv_01941010.png  
used on input line 265.
(pdftex.def)             Requested size: 288.57742pt x 138.01527pt.

LaTeX Warning: `!h' float specifier changed to `!ht'.

<Figuras/rio_doce/doceSerieCompleta_c_cv_01941004.png, id=568, 1154.3125pt x 55
2.0625pt>
File: Figuras/rio_doce/doceSerieCompleta_c_cv_01941004.png Graphic file (type p
ng)
<use Figuras/rio_doce/doceSerieCompleta_c_cv_01941004.png>
Package pdftex.def Info: Figuras/rio_doce/doceSerieCompleta_c_cv_01941004.png  
used on input line 272.
(pdftex.def)             Requested size: 288.57742pt x 138.01527pt.

LaTeX Warning: `!h' float specifier changed to `!ht'.

<Figuras/rio_doce/doceSerieCompleta_c_cv_01941006.png, id=569, 1154.3125pt x 55
2.0625pt>
File: Figuras/rio_doce/doceSerieCompleta_c_cv_01941006.png Graphic file (type p
ng)
<use Figuras/rio_doce/doceSerieCompleta_c_cv_01941006.png>
Package pdftex.def Info: Figuras/rio_doce/doceSerieCompleta_c_cv_01941006.png  
used on input line 279.
(pdftex.def)             Requested size: 288.57742pt x 138.01527pt.

LaTeX Warning: `!h' float specifier changed to `!ht'.

<Figuras/rio_doce/doceSerieCompleta_t_cv_56990005.png, id=570, 1154.3125pt x 55
2.0625pt>
File: Figuras/rio_doce/doceSerieCompleta_t_cv_56990005.png Graphic file (type p
ng)
<use Figuras/rio_doce/doceSerieCompleta_t_cv_56990005.png>
Package pdftex.def Info: Figuras/rio_doce/doceSerieCompleta_t_cv_56990005.png  
used on input line 286.
(pdftex.def)             Requested size: 288.57742pt x 138.01527pt.

LaTeX Warning: `!h' float specifier changed to `!ht'.

[30 <./Figuras/rio_doce/doceSerieCompleta_c_vz_56994500.png>] [31 <./Figuras/ri
o_doce/doceSerieIncompleta_t_cv_56990850.png> <./Figuras/rio_doce/doceSerieComp
leta_t_cv_56994500.png> <./Figuras/rio_doce/doceSerieCompleta_c_cv_01941010.png
>] [32 <./Figuras/rio_doce/doceSerieCompleta_c_cv_01941004.png> <./Figuras/rio_
doce/doceSerieCompleta_c_cv_01941006.png> <./Figuras/rio_doce/doceSerieCompleta
_t_cv_56990005.png>]
<Figuras/rio_grande/grandeSerieIncompleta_t_vz_62020080.png, id=592, 1154.3125p
t x 552.0625pt>
File: Figuras/rio_grande/grandeSerieIncompleta_t_vz_62020080.png Graphic file (
type png)
<use Figuras/rio_grande/grandeSerieIncompleta_t_vz_62020080.png>
Package pdftex.def Info: Figuras/rio_grande/grandeSerieIncompleta_t_vz_62020080
.png  used on input line 300.
(pdftex.def)             Requested size: 288.57742pt x 138.01527pt.
<Figuras/rio_grande/grandeSerieCompleta_t_vz_62020080.png, id=594, 1154.3125pt 
x 552.0625pt>
File: Figuras/rio_grande/grandeSerieCompleta_t_vz_62020080.png Graphic file (ty
pe png)
<use Figuras/rio_grande/grandeSerieCompleta_t_vz_62020080.png>
Package pdftex.def Info: Figuras/rio_grande/grandeSerieCompleta_t_vz_62020080.p
ng  used on input line 309.
(pdftex.def)             Requested size: 288.57742pt x 138.01527pt.


LaTeX Warning: `!h' float specifier changed to `!ht'.

[33

 <./Figuras/rio_grande/grandeSerieIncompleta_t_vz_62020080.png>]
<Figuras/rio_grande/grandeSerieCompleta_t_cv_61998080.png, id=601, 1154.3125pt 
x 552.0625pt>
File: Figuras/rio_grande/grandeSerieCompleta_t_cv_61998080.png Graphic file (ty
pe png)
<use Figuras/rio_grande/grandeSerieCompleta_t_cv_61998080.png>
Package pdftex.def Info: Figuras/rio_grande/grandeSerieCompleta_t_cv_61998080.p
ng  used on input line 320.
(pdftex.def)             Requested size: 288.57742pt x 138.01527pt.

Overfull \hbox (8.42604pt too wide) in paragraph at lines 325--326
[]\T1/lmr/m/n/12 (-20) Ressalta-se que o tre-cho de da-dos fal-tan-tes para a e
s-ta-o t_cv_61998080 concentrava-
 []

[34 <./Figuras/rio_grande/grandeSerieCompleta_t_vz_62020080.png> <./Figuras/rio
_grande/grandeSerieCompleta_t_cv_61998080.png>]
<Figuras/rio_sao_francisco/franciscoSerieIncompleta_c_vz_44290002-detalhe.png, 
id=610, 1154.3125pt x 552.0625pt>
File: Figuras/rio_sao_francisco/franciscoSerieIncompleta_c_vz_44290002-detalhe.
png Graphic file (type png)
<use Figuras/rio_sao_francisco/franciscoSerieIncompleta_c_vz_44290002-detalhe.p
ng>
Package pdftex.def Info: Figuras/rio_sao_francisco/franciscoSerieIncompleta_c_v
z_44290002-detalhe.png  used on input line 336.
(pdftex.def)             Requested size: 288.57742pt x 138.01527pt.
<Figuras/rio_sao_francisco/franciscoSerieCompleta_c_vz_44290002.png, id=611, 11
54.3125pt x 552.0625pt>
File: Figuras/rio_sao_francisco/franciscoSerieCompleta_c_vz_44290002.png Graphi
c file (type png)
<use Figuras/rio_sao_francisco/franciscoSerieCompleta_c_vz_44290002.png>
Package pdftex.def Info: Figuras/rio_sao_francisco/franciscoSerieCompleta_c_vz_
44290002.png  used on input line 343.
(pdftex.def)             Requested size: 288.57742pt x 138.01527pt.
 [35

 <./Figuras/rio_sao_francisco/franciscoSerieIncompleta_c_vz_44290002-detalhe.pn
g> <./Figuras/rio_sao_francisco/franciscoSerieCompleta_c_vz_44290002.png>]
<Figuras/rio_sao_francisco/franciscoSerieCompleta_c_cv_01544017.png, id=622, 11
54.3125pt x 552.0625pt>
File: Figuras/rio_sao_francisco/franciscoSerieCompleta_c_cv_01544017.png Graphi
c file (type png)
<use Figuras/rio_sao_francisco/franciscoSerieCompleta_c_cv_01544017.png>
Package pdftex.def Info: Figuras/rio_sao_francisco/franciscoSerieCompleta_c_cv_
01544017.png  used on input line 353.
(pdftex.def)             Requested size: 288.57742pt x 138.01527pt.
<Figuras/rio_sao_francisco/franciscoSerieCompleta_c_cv_01544032.png, id=623, 11
54.3125pt x 552.0625pt>
File: Figuras/rio_sao_francisco/franciscoSerieCompleta_c_cv_01544032.png Graphi
c file (type png)
<use Figuras/rio_sao_francisco/franciscoSerieCompleta_c_cv_01544032.png>
Package pdftex.def Info: Figuras/rio_sao_francisco/franciscoSerieCompleta_c_cv_
01544032.png  used on input line 360.
(pdftex.def)             Requested size: 288.57742pt x 138.01527pt.
<Figuras/rio_sao_francisco/franciscoSerieCompleta_c_cv_01544036.png, id=624, 11
54.3125pt x 552.0625pt>
File: Figuras/rio_sao_francisco/franciscoSerieCompleta_c_cv_01544036.png Graphi
c file (type png)
<use Figuras/rio_sao_francisco/franciscoSerieCompleta_c_cv_01544036.png>
Package pdftex.def Info: Figuras/rio_sao_francisco/franciscoSerieCompleta_c_cv_
01544036.png  used on input line 367.
(pdftex.def)             Requested size: 288.57742pt x 138.01527pt.
 [36

 <./Figuras/rio_sao_francisco/franciscoSerieCompleta_c_cv_01544017.png> <./Figu
ras/rio_sao_francisco/franciscoSerieCompleta_c_cv_01544032.png> <./Figuras/rio_
sao_francisco/franciscoSerieCompleta_c_cv_01544036.png>] [37

] [38

]
<Figuras/jequiti/acf_jequitinhonha.png, id=649, 1154.3125pt x 552.0625pt>
File: Figuras/jequiti/acf_jequitinhonha.png Graphic file (type png)
<use Figuras/jequiti/acf_jequitinhonha.png>
Package pdftex.def Info: Figuras/jequiti/acf_jequitinhonha.png  used on input l
ine 465.
(pdftex.def)             Requested size: 380.9243pt x 182.18118pt.
 [39]
<Figuras/jequiti/sazonalidade_jequitinhonha.png, id=655, 1154.3125pt x 552.0625
pt>
File: Figuras/jequiti/sazonalidade_jequitinhonha.png Graphic file (type png)
<use Figuras/jequiti/sazonalidade_jequitinhonha.png>
Package pdftex.def Info: Figuras/jequiti/sazonalidade_jequitinhonha.png  used o
n input line 472.
(pdftex.def)             Requested size: 380.9243pt x 182.18118pt.
<Figuras/rio_doce/acf_rio_doce.png, id=656, 1154.3125pt x 552.0625pt>
File: Figuras/rio_doce/acf_rio_doce.png Graphic file (type png)
<use Figuras/rio_doce/acf_rio_doce.png>
Package pdftex.def Info: Figuras/rio_doce/acf_rio_doce.png  used on input line 
479.
(pdftex.def)             Requested size: 380.9243pt x 182.18118pt.


LaTeX Warning: `!h' float specifier changed to `!ht'.

<Figuras/rio_doce/sazonalidade_rio_doce.png, id=657, 1003.75pt x 501.875pt>
File: Figuras/rio_doce/sazonalidade_rio_doce.png Graphic file (type png)
<use Figuras/rio_doce/sazonalidade_rio_doce.png>
Package pdftex.def Info: Figuras/rio_doce/sazonalidade_rio_doce.png  used on in
put line 486.
(pdftex.def)             Requested size: 331.23853pt x 165.61925pt.

LaTeX Warning: `!h' float specifier changed to `!ht'.

<Figuras/rio_grande/acf_rio_grande.png, id=658, 1154.3125pt x 552.0625pt>
File: Figuras/rio_grande/acf_rio_grande.png Graphic file (type png)
<use Figuras/rio_grande/acf_rio_grande.png>
Package pdftex.def Info: Figuras/rio_grande/acf_rio_grande.png  used on input l
ine 493.
(pdftex.def)             Requested size: 380.9243pt x 182.18118pt.

LaTeX Warning: `!h' float specifier changed to `!ht'.

<Figuras/rio_grande/sazonalidade_rio_grande.png, id=659, 1003.75pt x 501.875pt>

File: Figuras/rio_grande/sazonalidade_rio_grande.png Graphic file (type png)
<use Figuras/rio_grande/sazonalidade_rio_grande.png>
Package pdftex.def Info: Figuras/rio_grande/sazonalidade_rio_grande.png  used o
n input line 500.
(pdftex.def)             Requested size: 331.23853pt x 165.61925pt.

LaTeX Warning: `!h' float specifier changed to `!ht'.

<Figuras/rio_sao_francisco/acf_rio_sao_francisco.png, id=660, 1154.3125pt x 552
.0625pt>
File: Figuras/rio_sao_francisco/acf_rio_sao_francisco.png Graphic file (type pn
g)
<use Figuras/rio_sao_francisco/acf_rio_sao_francisco.png>
Package pdftex.def Info: Figuras/rio_sao_francisco/acf_rio_sao_francisco.png  u
sed on input line 507.
(pdftex.def)             Requested size: 380.9243pt x 182.18118pt.

LaTeX Warning: `!h' float specifier changed to `!ht'.

<Figuras/rio_sao_francisco/sazonalidade_rio_sao_francisco.png, id=661, 1003.75p
t x 501.875pt>
File: Figuras/rio_sao_francisco/sazonalidade_rio_sao_francisco.png Graphic file
 (type png)
<use Figuras/rio_sao_francisco/sazonalidade_rio_sao_francisco.png>
Package pdftex.def Info: Figuras/rio_sao_francisco/sazonalidade_rio_sao_francis
co.png  used on input line 514.
(pdftex.def)             Requested size: 331.23853pt x 165.61925pt.

LaTeX Warning: `!h' float specifier changed to `!ht'.

[40 <./Figuras/jequiti/acf_jequitinhonha.png> <./Figuras/jequiti/sazonalidade_j
equitinhonha.png>] [41 <./Figuras/rio_doce/acf_rio_doce.png> <./Figuras/rio_doc
e/sazonalidade_rio_doce.png>] [42 <./Figuras/rio_grande/acf_rio_grande.png> <./
Figuras/rio_grande/sazonalidade_rio_grande.png>]
<Figuras/jequiti/jequitinhonha_antes_log.png, id=695, 1154.3125pt x 552.0625pt>

File: Figuras/jequiti/jequitinhonha_antes_log.png Graphic file (type png)
<use Figuras/jequiti/jequitinhonha_antes_log.png>
Package pdftex.def Info: Figuras/jequiti/jequitinhonha_antes_log.png  used on i
nput line 541.
(pdftex.def)             Requested size: 380.9243pt x 182.18118pt.


LaTeX Warning: `!h' float specifier changed to `!ht'.

<Figuras/jequiti/jequitinhonha_depois_log.png, id=696, 1154.3125pt x 552.0625pt
>
File: Figuras/jequiti/jequitinhonha_depois_log.png Graphic file (type png)
<use Figuras/jequiti/jequitinhonha_depois_log.png>
Package pdftex.def Info: Figuras/jequiti/jequitinhonha_depois_log.png  used on 
input line 548.
(pdftex.def)             Requested size: 380.9243pt x 182.18118pt.

LaTeX Warning: `!h' float specifier changed to `!ht'.

<Figuras/rio_doce/rio_doce_antes_log.png, id=697, 1154.3125pt x 552.0625pt>
File: Figuras/rio_doce/rio_doce_antes_log.png Graphic file (type png)
<use Figuras/rio_doce/rio_doce_antes_log.png>
Package pdftex.def Info: Figuras/rio_doce/rio_doce_antes_log.png  used on input
 line 555.
(pdftex.def)             Requested size: 380.9243pt x 182.18118pt.

LaTeX Warning: `!h' float specifier changed to `!ht'.

<Figuras/rio_doce/rio_doce_depois_log.png, id=698, 1154.3125pt x 552.0625pt>
File: Figuras/rio_doce/rio_doce_depois_log.png Graphic file (type png)
<use Figuras/rio_doce/rio_doce_depois_log.png>
Package pdftex.def Info: Figuras/rio_doce/rio_doce_depois_log.png  used on inpu
t line 562.
(pdftex.def)             Requested size: 380.9243pt x 182.18118pt.

LaTeX Warning: `!h' float specifier changed to `!ht'.

<Figuras/rio_grande/rio_grande_antes_log.png, id=699, 1154.3125pt x 552.0625pt>

File: Figuras/rio_grande/rio_grande_antes_log.png Graphic file (type png)
<use Figuras/rio_grande/rio_grande_antes_log.png>
Package pdftex.def Info: Figuras/rio_grande/rio_grande_antes_log.png  used on i
nput line 569.
(pdftex.def)             Requested size: 380.9243pt x 182.18118pt.

LaTeX Warning: `!h' float specifier changed to `!ht'.

<Figuras/rio_grande/rio_grande_depois_log.png, id=700, 1154.3125pt x 552.0625pt
>
File: Figuras/rio_grande/rio_grande_depois_log.png Graphic file (type png)
<use Figuras/rio_grande/rio_grande_depois_log.png>
Package pdftex.def Info: Figuras/rio_grande/rio_grande_depois_log.png  used on 
input line 576.
(pdftex.def)             Requested size: 380.9243pt x 182.18118pt.

LaTeX Warning: `!h' float specifier changed to `!ht'.

<Figuras/rio_sao_francisco/rio_sao_francisco_antes_log.png, id=701, 1154.3125pt
 x 552.0625pt>
File: Figuras/rio_sao_francisco/rio_sao_francisco_antes_log.png Graphic file (t
ype png)
<use Figuras/rio_sao_francisco/rio_sao_francisco_antes_log.png>
Package pdftex.def Info: Figuras/rio_sao_francisco/rio_sao_francisco_antes_log.
png  used on input line 583.
(pdftex.def)             Requested size: 380.9243pt x 182.18118pt.

LaTeX Warning: `!h' float specifier changed to `!ht'.

<Figuras/rio_sao_francisco/rio_sao_francisco_depois_log.png, id=702, 1154.3125p
t x 552.0625pt>
File: Figuras/rio_sao_francisco/rio_sao_francisco_depois_log.png Graphic file (
type png)
<use Figuras/rio_sao_francisco/rio_sao_francisco_depois_log.png>
Package pdftex.def Info: Figuras/rio_sao_francisco/rio_sao_francisco_depois_log
.png  used on input line 590.
(pdftex.def)             Requested size: 380.9243pt x 182.18118pt.

LaTeX Warning: `!h' float specifier changed to `!ht'.

[43 <./Figuras/rio_sao_francisco/acf_rio_sao_francisco.png> <./Figuras/rio_sao_
francisco/sazonalidade_rio_sao_francisco.png>] [44 <./Figuras/jequiti/jequitinh
onha_antes_log.png> <./Figuras/jequiti/jequitinhonha_depois_log.png> <./Figuras
/rio_doce/rio_doce_antes_log.png>] [45 <./Figuras/rio_doce/rio_doce_depois_log.
png> <./Figuras/rio_grande/rio_grande_antes_log.png> <./Figuras/rio_grande/rio_
grande_depois_log.png>] [46 <./Figuras/rio_sao_francisco/rio_sao_francisco_ante
s_log.png> <./Figuras/rio_sao_francisco/rio_sao_francisco_depois_log.png>]
[47

] [48] [49] [50]
<Figuras/skforecast-diagram-backtesting-refit.png, id=785, 1110.1475pt x 328.22
626pt>
File: Figuras/skforecast-diagram-backtesting-refit.png Graphic file (type png)
<use Figuras/skforecast-diagram-backtesting-refit.png>
Package pdftex.def Info: Figuras/skforecast-diagram-backtesting-refit.png  used
 on input line 736.
(pdftex.def)             Requested size: 333.04681pt x 98.46863pt.
<Figuras/imagem1_skforecast-backtesting-refit.png, id=788, 903.375pt x 401.5pt>

File: Figuras/imagem1_skforecast-backtesting-refit.png Graphic file (type png)
<use Figuras/imagem1_skforecast-backtesting-refit.png>
Package pdftex.def Info: Figuras/imagem1_skforecast-backtesting-refit.png  used
 on input line 743.
(pdftex.def)             Requested size: 271.01459pt x 120.45091pt.


LaTeX Warning: `!h' float specifier changed to `!ht'.

<Figuras/imagem2_skforecast-backtesting-refit.png, id=791, 903.375pt x 401.5pt>

File: Figuras/imagem2_skforecast-backtesting-refit.png Graphic file (type png)
<use Figuras/imagem2_skforecast-backtesting-refit.png>
Package pdftex.def Info: Figuras/imagem2_skforecast-backtesting-refit.png  used
 on input line 750.
(pdftex.def)             Requested size: 271.01459pt x 120.45091pt.

LaTeX Warning: `!h' float specifier changed to `!ht'.

<Figuras/imagem3_skforecast-backtesting-refit.png, id=794, 903.375pt x 401.5pt>

File: Figuras/imagem3_skforecast-backtesting-refit.png Graphic file (type png)
<use Figuras/imagem3_skforecast-backtesting-refit.png>
Package pdftex.def Info: Figuras/imagem3_skforecast-backtesting-refit.png  used
 on input line 757.
(pdftex.def)             Requested size: 271.01459pt x 120.45091pt.

LaTeX Warning: `!h' float specifier changed to `!ht'.

[51 <./Figuras/skforecast-diagram-backtesting-refit.png>]
<Figuras/diagram-bootstrapping-prediction-intervals.png, id=805, 1988.42876pt x
 1109.14375pt>
File: Figuras/diagram-bootstrapping-prediction-intervals.png Graphic file (type
 png)
<use Figuras/diagram-bootstrapping-prediction-intervals.png>
Package pdftex.def Info: Figuras/diagram-bootstrapping-prediction-intervals.png
  used on input line 800.
(pdftex.def)             Requested size: 338.02841pt x 188.55194pt.


LaTeX Warning: `!h' float specifier changed to `!ht'.

[52 <./Figuras/imagem1_skforecast-backtesting-refit.png> <./Figuras/imagem2_skf
orecast-backtesting-refit.png> <./Figuras/imagem3_skforecast-backtesting-refit.
png>]
LaTeX Font Info:    Trying to load font information for T1+lmtt on input line 8
19.
 (/usr/share/texmf/tex/latex/lm/t1lmtt.fd
File: t1lmtt.fd 2009/10/30 v1.6 Font defs for Latin Modern
)
Package microtype Info: Loading generic protrusion settings for font family
(microtype)             `lmtt' (encoding: T1).
(microtype)             For optimal results, create family-specific settings.
(microtype)             See the microtype manual for details.
 [53 <./Figuras/diagram-bootstrapping-prediction-intervals.png>]
<Figuras/intervalo_previsao_1.png, id=824, 929.4725pt x 210.7875pt>
File: Figuras/intervalo_previsao_1.png Graphic file (type png)
<use Figuras/intervalo_previsao_1.png>
Package pdftex.def Info: Figuras/intervalo_previsao_1.png  used on input line 8
27.
(pdftex.def)             Requested size: 278.8439pt x 63.23672pt.
<Figuras/intervalo_previsao_2.png, id=825, 928.46875pt x 210.7875pt>
File: Figuras/intervalo_previsao_2.png Graphic file (type png)
<use Figuras/intervalo_previsao_2.png>
Package pdftex.def Info: Figuras/intervalo_previsao_2.png  used on input line 8
34.
(pdftex.def)             Requested size: 278.54277pt x 63.23672pt.
 [54 <./Figuras/intervalo_previsao_1.png> <./Figuras/intervalo_previsao_2.png>]
<Figuras/flowchart.png, id=835, 570.13pt x 1645.14626pt>
File: Figuras/flowchart.png Graphic file (type png)
<use Figuras/flowchart.png>
Package pdftex.def Info: Figuras/flowchart.png  used on input line 853.
(pdftex.def)             Requested size: 228.04796pt x 658.04686pt.


LaTeX Warning: `!h' float specifier changed to `!ht'.

) [55

] [56 <./Figuras/flowchart.png>]
\openout2 = `cap4_resultados.aux'.

 (./cap4_resultados.tex
<Figuras/jequiti/resultados/SeasonalNaive_fh1.png, id=845, 1154.3125pt x 702.62
5pt>
File: Figuras/jequiti/resultados/SeasonalNaive_fh1.png Graphic file (type png)
<use Figuras/jequiti/resultados/SeasonalNaive_fh1.png>
Package pdftex.def Info: Figuras/jequiti/resultados/SeasonalNaive_fh1.png  used
 on input line 15.
(pdftex.def)             Requested size: 380.9243pt x 231.86696pt.


LaTeX Warning: `!h' float specifier changed to `!ht'.

<Figuras/jequiti/resultados/SeasonalNaive_fh3.png, id=846, 1154.3125pt x 702.62
5pt>
File: Figuras/jequiti/resultados/SeasonalNaive_fh3.png Graphic file (type png)
<use Figuras/jequiti/resultados/SeasonalNaive_fh3.png>
Package pdftex.def Info: Figuras/jequiti/resultados/SeasonalNaive_fh3.png  used
 on input line 22.
(pdftex.def)             Requested size: 380.9243pt x 231.86696pt.

LaTeX Warning: `!h' float specifier changed to `!ht'.

<Figuras/jequiti/resultados/SeasonalNaive_fh7.png, id=847, 1154.3125pt x 702.62
5pt>
File: Figuras/jequiti/resultados/SeasonalNaive_fh7.png Graphic file (type png)
<use Figuras/jequiti/resultados/SeasonalNaive_fh7.png>
Package pdftex.def Info: Figuras/jequiti/resultados/SeasonalNaive_fh7.png  used
 on input line 29.
(pdftex.def)             Requested size: 380.9243pt x 231.86696pt.

LaTeX Warning: `!h' float specifier changed to `!ht'.

<Figuras/jequiti/resultados/SeasonalNaive_fh15.png, id=848, 1154.3125pt x 702.6
25pt>
File: Figuras/jequiti/resultados/SeasonalNaive_fh15.png Graphic file (type png)

<use Figuras/jequiti/resultados/SeasonalNaive_fh15.png>
Package pdftex.def Info: Figuras/jequiti/resultados/SeasonalNaive_fh15.png  use
d on input line 36.
(pdftex.def)             Requested size: 380.9243pt x 231.86696pt.

LaTeX Warning: `!h' float specifier changed to `!ht'.

[57




] [58 <./Figuras/jequiti/resultados/SeasonalNaive_fh1.png> <./Figuras/jequiti/r
esultados/SeasonalNaive_fh3.png>] [59 <./Figuras/jequiti/resultados/SeasonalNai
ve_fh7.png> <./Figuras/jequiti/resultados/SeasonalNaive_fh15.png>]
<Figuras/jequiti/resultados/LinearRegression_fh1.png, id=871, 1154.3125pt x 702
.625pt>
File: Figuras/jequiti/resultados/LinearRegression_fh1.png Graphic file (type pn
g)
<use Figuras/jequiti/resultados/LinearRegression_fh1.png>
Package pdftex.def Info: Figuras/jequiti/resultados/LinearRegression_fh1.png  u
sed on input line 58.
(pdftex.def)             Requested size: 380.9243pt x 231.86696pt.
<Figuras/jequiti/resultados/LinearRegression_fh3.png, id=872, 1154.3125pt x 702
.625pt>
File: Figuras/jequiti/resultados/LinearRegression_fh3.png Graphic file (type pn
g)
<use Figuras/jequiti/resultados/LinearRegression_fh3.png>
Package pdftex.def Info: Figuras/jequiti/resultados/LinearRegression_fh3.png  u
sed on input line 65.
(pdftex.def)             Requested size: 380.9243pt x 231.86696pt.
<Figuras/jequiti/resultados/LinearRegression_fh7.png, id=873, 1154.3125pt x 702
.625pt>
File: Figuras/jequiti/resultados/LinearRegression_fh7.png Graphic file (type pn
g)
<use Figuras/jequiti/resultados/LinearRegression_fh7.png>
Package pdftex.def Info: Figuras/jequiti/resultados/LinearRegression_fh7.png  u
sed on input line 72.
(pdftex.def)             Requested size: 380.9243pt x 231.86696pt.


LaTeX Warning: `!h' float specifier changed to `!ht'.

<Figuras/jequiti/resultados/LinearRegression_fh15.png, id=874, 1154.3125pt x 70
2.625pt>
File: Figuras/jequiti/resultados/LinearRegression_fh15.png Graphic file (type p
ng)
<use Figuras/jequiti/resultados/LinearRegression_fh15.png>
Package pdftex.def Info: Figuras/jequiti/resultados/LinearRegression_fh15.png  
used on input line 79.
(pdftex.def)             Requested size: 380.9243pt x 231.86696pt.

LaTeX Warning: `!h' float specifier changed to `!ht'.

[60 <./Figuras/jequiti/resultados/LinearRegression_fh1.png> <./Figuras/jequiti/
resultados/LinearRegression_fh3.png>]
<Figuras/jequiti/resultados/CatBoost_fh1.png, id=884, 1154.3125pt x 702.625pt>
File: Figuras/jequiti/resultados/CatBoost_fh1.png Graphic file (type png)
<use Figuras/jequiti/resultados/CatBoost_fh1.png>
Package pdftex.def Info: Figuras/jequiti/resultados/CatBoost_fh1.png  used on i
nput line 92.
(pdftex.def)             Requested size: 380.9243pt x 231.86696pt.


LaTeX Warning: `!h' float specifier changed to `!ht'.

<Figuras/jequiti/resultados/RandomForest_fh1.png, id=885, 1154.3125pt x 702.625
pt>
File: Figuras/jequiti/resultados/RandomForest_fh1.png Graphic file (type png)
<use Figuras/jequiti/resultados/RandomForest_fh1.png>
Package pdftex.def Info: Figuras/jequiti/resultados/RandomForest_fh1.png  used 
on input line 99.
(pdftex.def)             Requested size: 380.9243pt x 231.86696pt.

LaTeX Warning: `!h' float specifier changed to `!ht'.

<Figuras/jequiti/resultados/CatBoost_fh3.png, id=886, 1154.3125pt x 702.625pt>
File: Figuras/jequiti/resultados/CatBoost_fh3.png Graphic file (type png)
<use Figuras/jequiti/resultados/CatBoost_fh3.png>
Package pdftex.def Info: Figuras/jequiti/resultados/CatBoost_fh3.png  used on i
nput line 106.
(pdftex.def)             Requested size: 380.9243pt x 231.86696pt.

LaTeX Warning: `!h' float specifier changed to `!ht'.

<Figuras/jequiti/resultados/RandomForest_fh3.png, id=887, 1154.3125pt x 702.625
pt>
File: Figuras/jequiti/resultados/RandomForest_fh3.png Graphic file (type png)
<use Figuras/jequiti/resultados/RandomForest_fh3.png>
Package pdftex.def Info: Figuras/jequiti/resultados/RandomForest_fh3.png  used 
on input line 113.
(pdftex.def)             Requested size: 380.9243pt x 231.86696pt.

LaTeX Warning: `!h' float specifier changed to `!ht'.

<Figuras/jequiti/resultados/CatBoost_fh7.png, id=888, 1154.3125pt x 702.625pt>
File: Figuras/jequiti/resultados/CatBoost_fh7.png Graphic file (type png)
<use Figuras/jequiti/resultados/CatBoost_fh7.png>
Package pdftex.def Info: Figuras/jequiti/resultados/CatBoost_fh7.png  used on i
nput line 120.
(pdftex.def)             Requested size: 380.9243pt x 231.86696pt.

LaTeX Warning: `!h' float specifier changed to `!ht'.

<Figuras/jequiti/resultados/RandomForest_fh7.png, id=889, 1154.3125pt x 702.625
pt>
File: Figuras/jequiti/resultados/RandomForest_fh7.png Graphic file (type png)
<use Figuras/jequiti/resultados/RandomForest_fh7.png>
Package pdftex.def Info: Figuras/jequiti/resultados/RandomForest_fh7.png  used 
on input line 127.
(pdftex.def)             Requested size: 380.9243pt x 231.86696pt.

LaTeX Warning: `!h' float specifier changed to `!ht'.

<Figuras/jequiti/resultados/CatBoost_fh15.png, id=890, 1154.3125pt x 702.625pt>

File: Figuras/jequiti/resultados/CatBoost_fh15.png Graphic file (type png)
<use Figuras/jequiti/resultados/CatBoost_fh15.png>
Package pdftex.def Info: Figuras/jequiti/resultados/CatBoost_fh15.png  used on 
input line 134.
(pdftex.def)             Requested size: 380.9243pt x 231.86696pt.

LaTeX Warning: `!h' float specifier changed to `!ht'.

<Figuras/jequiti/resultados/RandomForest_fh15.png, id=891, 1154.3125pt x 702.62
5pt>
File: Figuras/jequiti/resultados/RandomForest_fh15.png Graphic file (type png)
<use Figuras/jequiti/resultados/RandomForest_fh15.png>
Package pdftex.def Info: Figuras/jequiti/resultados/RandomForest_fh15.png  used
 on input line 141.
(pdftex.def)             Requested size: 380.9243pt x 231.86696pt.

LaTeX Warning: `!h' float specifier changed to `!ht'.

[61 <./Figuras/jequiti/resultados/LinearRegression_fh7.png> <./Figuras/jequiti/
resultados/LinearRegression_fh15.png>] [62 <./Figuras/jequiti/resultados/CatBoo
st_fh1.png> <./Figuras/jequiti/resultados/RandomForest_fh1.png>] [63 <./Figuras
/jequiti/resultados/CatBoost_fh3.png> <./Figuras/jequiti/resultados/RandomFores
t_fh3.png>] [64 <./Figuras/jequiti/resultados/CatBoost_fh7.png> <./Figuras/jequ
iti/resultados/RandomForest_fh7.png>] [65 <./Figuras/jequiti/resultados/CatBoos
t_fh15.png> <./Figuras/jequiti/resultados/RandomForest_fh15.png>]) [66

]
\openout2 = `cap5_conclusao.aux'.


(./cap5_conclusao.tex) [67




] (./dissertacao.bbl [68



] [69])

AED: lastpage setting LastPage
[70]
\tf@lof=\write6
\openout6 = `dissertacao.lof'.

\tf@lot=\write7
\openout7 = `dissertacao.lot'.

\tf@toc=\write8
\openout8 = `dissertacao.toc'.

 (./dissertacao.aux (./cap1_introducao.aux) (./cap2_revisao.aux)
(./cap3_procedimentos_metodologicos.aux) (./cap4_resultados.aux)
(./cap5_conclusao.aux)) ) 
Here is how much of TeX's memory you used:
 30013 strings out of 478287
 557890 string characters out of 5849289
 913632 words of memory out of 5000000
 47185 multiletter control sequences out of 15000+600000
 522453 words of font info for 141 fonts, out of 8000000 for 9000
 1141 hyphenation exceptions out of 8191
 99i,15n,94p,1882b,917s stack positions out of 5000i,500n,10000p,200000b,80000s
{/usr/share/texmf/fonts/enc/dvips/lm/lm-ec.enc}{/usr/s
hare/texmf/fonts/enc/dvips/lm/lm-mathit.enc}{/usr/share/texmf/fonts/enc/dvips/l
m/lm-mathex.enc}{/usr/share/texmf/fonts/enc/dvips/lm/lm-rm.enc}{/usr/share/texm
f/fonts/enc/dvips/lm/lm-ts1.enc}{/usr/share/texmf/fonts/enc/dvips/lm/lm-mathsy.
enc}</usr/share/texmf/fonts/type1/public/lm/lmbx10.pfb></usr/share/texmf/fonts/
type1/public/lm/lmbx12.pfb></usr/share/texmf/fonts/type1/public/lm/lmbxi10.pfb>
</usr/share/texmf/fonts/type1/public/lm/lmex10.pfb></usr/share/texmf/fonts/type
1/public/lm/lmmi12.pfb></usr/share/texmf/fonts/type1/public/lm/lmmi6.pfb></usr/
share/texmf/fonts/type1/public/lm/lmmi8.pfb></usr/share/texmf/fonts/type1/publi
c/lm/lmr10.pfb></usr/share/texmf/fonts/type1/public/lm/lmr12.pfb></usr/share/te
xmf/fonts/type1/public/lm/lmr8.pfb></usr/share/texmf/fonts/type1/public/lm/lmri
10.pfb></usr/share/texmf/fonts/type1/public/lm/lmri12.pfb></usr/share/texmf/fon
ts/type1/public/lm/lmsy10.pfb></usr/share/texmf/fonts/type1/public/lm/lmtt12.pf
b>
Output written on dissertacao.pdf (72 pages, 3954321 bytes).
PDF statistics:
 1270 PDF objects out of 1440 (max. 8388607)
 1021 compressed objects within 11 object streams
 266 named destinations out of 1000 (max. 500000)
 29925 words of extra memory for PDF output out of 35830 (max. 10000000)

